02.07.2023 00:02:47.470 [main] INFO  c.thirdTask.Consumer - Received 300 messages
02.07.2023 00:03:32.061 [main] INFO  c.thirdTask.Consumer - Received 300 messages
02.07.2023 00:04:09.379 [main] INFO  c.thirdTask.Consumer - Received 300 messages
02.07.2023 00:05:09.836 [main] INFO  c.thirdTask.Consumer - Received 300 messages
02.07.2023 00:06:32.978 [main] DEBUG c.t.FileProcessing - Properties were loaded
02.07.2023 00:06:33.011 [main] ERROR c.t.DataProcessing - Output format must be more than 1000
02.07.2023 00:10:32.875 [main] DEBUG c.t.FileProcessing - Properties were loaded
02.07.2023 00:10:32.919 [main] ERROR c.t.DataProcessing - Output format must be more than 1000
02.07.2023 00:10:37.405 [main] DEBUG c.t.FileProcessing - Properties were loaded
02.07.2023 00:10:37.461 [main] ERROR c.t.DataProcessing - Output format must be more than 1000
02.07.2023 00:10:49.476 [main] INFO  c.thirdTask.Consumer - Received 300 messages
02.07.2023 00:11:39.355 [main] INFO  c.thirdTask.Consumer - Received 300 messages
02.07.2023 00:15:07.750 [main] INFO  c.thirdTask.Consumer - Received 300 messages
02.07.2023 00:15:22.155 [main] INFO  c.thirdTask.Consumer - Received 300 messages
02.07.2023 00:16:06.585 [main] INFO  c.thirdTask.Consumer - Received 300 messages
02.07.2023 00:17:10.126 [main] INFO  c.thirdTask.Consumer - Received 300 messages
02.07.2023 00:20:20.641 [main] INFO  c.thirdTask.Consumer - Received 300 messages
02.07.2023 00:33:15.033 [main] INFO  c.thirdTask.Consumer - Received 300 messages
02.07.2023 01:08:22.863 [main] INFO  c.thirdTask.Consumer - Received 300 messages
02.07.2023 01:08:23.408 [main] DEBUG c.t.FileProcessing - Properties were loaded
02.07.2023 01:08:23.417 [main] INFO  c.t.FileProcessing - File someFile.csv created
02.07.2023 01:08:23.424 [main] DEBUG c.t.FileProcessing - Properties were loaded
02.07.2023 01:08:23.438 [main] DEBUG c.t.FileProcessing - Properties were loaded
02.07.2023 01:08:23.616 [main] DEBUG org.jboss.logging - Logging Provider: org.jboss.logging.Slf4jLoggerProvider
02.07.2023 01:08:23.617 [main] INFO  o.h.v.i.util.Version - HV000001: Hibernate Validator 8.0.0.Final
02.07.2023 01:22:04.619 [main] DEBUG c.t.FileProcessing - Properties were loaded
02.07.2023 01:22:08.319 [main] DEBUG c.t.FileProcessing - File was not read
java.io.FileNotFoundException: path\to\file.txt (The system cannot find the path specified)
	at java.base/java.io.FileInputStream.open0(Native Method)
	at java.base/java.io.FileInputStream.open(FileInputStream.java:219)
	at java.base/java.io.FileInputStream.<init>(FileInputStream.java:157)
	at java.base/java.io.FileInputStream.<init>(FileInputStream.java:112)
	at java.base/java.io.FileReader.<init>(FileReader.java:60)
	at com.thirdTask.FileProcessing.countMessages(FileProcessing.java:106)
	at com.thirdTask.FileProcessingTest.ifMessagesCounted(FileProcessingTest.java:40)
	at java.base/jdk.internal.reflect.NativeMethodAccessorImpl.invoke0(Native Method)
	at java.base/jdk.internal.reflect.NativeMethodAccessorImpl.invoke(NativeMethodAccessorImpl.java:62)
	at java.base/jdk.internal.reflect.DelegatingMethodAccessorImpl.invoke(DelegatingMethodAccessorImpl.java:43)
	at java.base/java.lang.reflect.Method.invoke(Method.java:566)
	at org.junit.platform.commons.util.ReflectionUtils.invokeMethod(ReflectionUtils.java:727)
	at org.junit.jupiter.engine.execution.MethodInvocation.proceed(MethodInvocation.java:60)
	at org.junit.jupiter.engine.execution.InvocationInterceptorChain$ValidatingInvocation.proceed(InvocationInterceptorChain.java:131)
	at org.junit.jupiter.engine.extension.TimeoutExtension.intercept(TimeoutExtension.java:156)
	at org.junit.jupiter.engine.extension.TimeoutExtension.interceptTestableMethod(TimeoutExtension.java:147)
	at org.junit.jupiter.engine.extension.TimeoutExtension.interceptTestMethod(TimeoutExtension.java:86)
	at org.junit.jupiter.engine.execution.InterceptingExecutableInvoker$ReflectiveInterceptorCall.lambda$ofVoidMethod$0(InterceptingExecutableInvoker.java:103)
	at org.junit.jupiter.engine.execution.InterceptingExecutableInvoker.lambda$invoke$0(InterceptingExecutableInvoker.java:93)
	at org.junit.jupiter.engine.execution.InvocationInterceptorChain$InterceptedInvocation.proceed(InvocationInterceptorChain.java:106)
	at org.junit.jupiter.engine.execution.InvocationInterceptorChain.proceed(InvocationInterceptorChain.java:64)
	at org.junit.jupiter.engine.execution.InvocationInterceptorChain.chainAndInvoke(InvocationInterceptorChain.java:45)
	at org.junit.jupiter.engine.execution.InvocationInterceptorChain.invoke(InvocationInterceptorChain.java:37)
	at org.junit.jupiter.engine.execution.InterceptingExecutableInvoker.invoke(InterceptingExecutableInvoker.java:92)
	at org.junit.jupiter.engine.execution.InterceptingExecutableInvoker.invoke(InterceptingExecutableInvoker.java:86)
	at org.junit.jupiter.engine.descriptor.TestMethodTestDescriptor.lambda$invokeTestMethod$7(TestMethodTestDescriptor.java:217)
	at org.junit.platform.engine.support.hierarchical.ThrowableCollector.execute(ThrowableCollector.java:73)
	at org.junit.jupiter.engine.descriptor.TestMethodTestDescriptor.invokeTestMethod(TestMethodTestDescriptor.java:213)
	at org.junit.jupiter.engine.descriptor.TestMethodTestDescriptor.execute(TestMethodTestDescriptor.java:138)
	at org.junit.jupiter.engine.descriptor.TestMethodTestDescriptor.execute(TestMethodTestDescriptor.java:68)
	at org.junit.platform.engine.support.hierarchical.NodeTestTask.lambda$executeRecursively$6(NodeTestTask.java:151)
	at org.junit.platform.engine.support.hierarchical.ThrowableCollector.execute(ThrowableCollector.java:73)
	at org.junit.platform.engine.support.hierarchical.NodeTestTask.lambda$executeRecursively$8(NodeTestTask.java:141)
	at org.junit.platform.engine.support.hierarchical.Node.around(Node.java:137)
	at org.junit.platform.engine.support.hierarchical.NodeTestTask.lambda$executeRecursively$9(NodeTestTask.java:139)
	at org.junit.platform.engine.support.hierarchical.ThrowableCollector.execute(ThrowableCollector.java:73)
	at org.junit.platform.engine.support.hierarchical.NodeTestTask.executeRecursively(NodeTestTask.java:138)
	at org.junit.platform.engine.support.hierarchical.NodeTestTask.execute(NodeTestTask.java:95)
	at java.base/java.util.ArrayList.forEach(ArrayList.java:1541)
	at org.junit.platform.engine.support.hierarchical.SameThreadHierarchicalTestExecutorService.invokeAll(SameThreadHierarchicalTestExecutorService.java:41)
	at org.junit.platform.engine.support.hierarchical.NodeTestTask.lambda$executeRecursively$6(NodeTestTask.java:155)
	at org.junit.platform.engine.support.hierarchical.ThrowableCollector.execute(ThrowableCollector.java:73)
	at org.junit.platform.engine.support.hierarchical.NodeTestTask.lambda$executeRecursively$8(NodeTestTask.java:141)
	at org.junit.platform.engine.support.hierarchical.Node.around(Node.java:137)
	at org.junit.platform.engine.support.hierarchical.NodeTestTask.lambda$executeRecursively$9(NodeTestTask.java:139)
	at org.junit.platform.engine.support.hierarchical.ThrowableCollector.execute(ThrowableCollector.java:73)
	at org.junit.platform.engine.support.hierarchical.NodeTestTask.executeRecursively(NodeTestTask.java:138)
	at org.junit.platform.engine.support.hierarchical.NodeTestTask.execute(NodeTestTask.java:95)
	at java.base/java.util.ArrayList.forEach(ArrayList.java:1541)
	at org.junit.platform.engine.support.hierarchical.SameThreadHierarchicalTestExecutorService.invokeAll(SameThreadHierarchicalTestExecutorService.java:41)
	at org.junit.platform.engine.support.hierarchical.NodeTestTask.lambda$executeRecursively$6(NodeTestTask.java:155)
	at org.junit.platform.engine.support.hierarchical.ThrowableCollector.execute(ThrowableCollector.java:73)
	at org.junit.platform.engine.support.hierarchical.NodeTestTask.lambda$executeRecursively$8(NodeTestTask.java:141)
	at org.junit.platform.engine.support.hierarchical.Node.around(Node.java:137)
	at org.junit.platform.engine.support.hierarchical.NodeTestTask.lambda$executeRecursively$9(NodeTestTask.java:139)
	at org.junit.platform.engine.support.hierarchical.ThrowableCollector.execute(ThrowableCollector.java:73)
	at org.junit.platform.engine.support.hierarchical.NodeTestTask.executeRecursively(NodeTestTask.java:138)
	at org.junit.platform.engine.support.hierarchical.NodeTestTask.execute(NodeTestTask.java:95)
	at org.junit.platform.engine.support.hierarchical.SameThreadHierarchicalTestExecutorService.submit(SameThreadHierarchicalTestExecutorService.java:35)
	at org.junit.platform.engine.support.hierarchical.HierarchicalTestExecutor.execute(HierarchicalTestExecutor.java:57)
	at org.junit.platform.engine.support.hierarchical.HierarchicalTestEngine.execute(HierarchicalTestEngine.java:54)
	at org.junit.platform.launcher.core.EngineExecutionOrchestrator.execute(EngineExecutionOrchestrator.java:147)
	at org.junit.platform.launcher.core.EngineExecutionOrchestrator.execute(EngineExecutionOrchestrator.java:127)
	at org.junit.platform.launcher.core.EngineExecutionOrchestrator.execute(EngineExecutionOrchestrator.java:90)
	at org.junit.platform.launcher.core.EngineExecutionOrchestrator.lambda$execute$0(EngineExecutionOrchestrator.java:55)
	at org.junit.platform.launcher.core.EngineExecutionOrchestrator.withInterceptedStreams(EngineExecutionOrchestrator.java:102)
	at org.junit.platform.launcher.core.EngineExecutionOrchestrator.execute(EngineExecutionOrchestrator.java:54)
	at org.junit.platform.launcher.core.DefaultLauncher.execute(DefaultLauncher.java:114)
	at org.junit.platform.launcher.core.DefaultLauncher.execute(DefaultLauncher.java:86)
	at org.junit.platform.launcher.core.DefaultLauncherSession$DelegatingLauncher.execute(DefaultLauncherSession.java:86)
	at org.junit.platform.launcher.core.SessionPerRequestLauncher.execute(SessionPerRequestLauncher.java:53)
	at com.intellij.junit5.JUnit5IdeaTestRunner.startRunnerWithArgs(JUnit5IdeaTestRunner.java:57)
	at com.intellij.rt.junit.IdeaTestRunner$Repeater$1.execute(IdeaTestRunner.java:38)
	at com.intellij.rt.execution.junit.TestsRepeater.repeat(TestsRepeater.java:11)
	at com.intellij.rt.junit.IdeaTestRunner$Repeater.startRunnerWithArgs(IdeaTestRunner.java:35)
	at com.intellij.rt.junit.JUnitStarter.prepareStreamsAndStart(JUnitStarter.java:235)
	at com.intellij.rt.junit.JUnitStarter.main(JUnitStarter.java:54)
02.07.2023 01:22:08.336 [main] DEBUG c.t.FileProcessing - messages in path/to/file.txt: -1
02.07.2023 01:22:08.419 [main] INFO  c.t.FileProcessing - File someFile.csv created
02.07.2023 01:22:53.658 [main] DEBUG c.t.FileProcessing - Properties were loaded
02.07.2023 01:22:58.100 [main] DEBUG c.t.FileProcessing - messages in test.txt: 1
02.07.2023 01:22:58.197 [main] INFO  c.t.FileProcessing - File someFile.csv created
02.07.2023 01:23:15.789 [main] DEBUG c.t.FileProcessing - Properties were loaded
02.07.2023 01:23:19.740 [main] DEBUG c.t.FileProcessing - messages in test.txt: 1
02.07.2023 01:23:19.772 [main] INFO  c.t.FileProcessing - File someFile.csv created
02.07.2023 01:23:35.248 [main] DEBUG c.t.FileProcessing - Properties were loaded
02.07.2023 01:23:39.583 [main] DEBUG c.t.FileProcessing - messages in test.txt: 1
02.07.2023 01:23:39.672 [main] INFO  c.t.FileProcessing - File someFile.csv created
02.07.2023 01:24:16.355 [main] INFO  c.thirdTask.Consumer - Received 300 messages
02.07.2023 01:24:17.062 [main] DEBUG c.t.FileProcessing - Properties were loaded
02.07.2023 01:24:17.073 [main] DEBUG c.t.FileProcessing - messages in test.txt: 1
02.07.2023 01:24:17.091 [main] INFO  c.t.FileProcessing - File someFile.csv created
02.07.2023 01:24:17.108 [main] DEBUG c.t.FileProcessing - Properties were loaded
02.07.2023 01:24:17.152 [main] DEBUG c.t.FileProcessing - Properties were loaded
02.07.2023 01:24:17.316 [main] DEBUG org.jboss.logging - Logging Provider: org.jboss.logging.Slf4jLoggerProvider
02.07.2023 01:24:17.318 [main] INFO  o.h.v.i.util.Version - HV000001: Hibernate Validator 8.0.0.Final
02.07.2023 01:24:43.528 [main] INFO  c.thirdTask.Consumer - Received 300 messages
02.07.2023 01:24:43.630 [main] DEBUG c.t.FileProcessing - Properties were loaded
02.07.2023 01:24:43.639 [main] DEBUG c.t.FileProcessing - messages in test.txt: 1
02.07.2023 01:24:43.658 [main] INFO  c.t.FileProcessing - File someFile.csv created
02.07.2023 01:24:43.685 [main] DEBUG c.t.FileProcessing - Properties were loaded
02.07.2023 01:24:43.713 [main] DEBUG c.t.FileProcessing - Properties were loaded
02.07.2023 01:24:43.878 [main] DEBUG org.jboss.logging - Logging Provider: org.jboss.logging.Slf4jLoggerProvider
02.07.2023 01:24:43.879 [main] INFO  o.h.v.i.util.Version - HV000001: Hibernate Validator 8.0.0.Final
