02.07.2023 00:02:47.470 [main] INFO  c.thirdTask.Consumer - Received 300 messages
02.07.2023 00:03:32.061 [main] INFO  c.thirdTask.Consumer - Received 300 messages
02.07.2023 00:04:09.379 [main] INFO  c.thirdTask.Consumer - Received 300 messages
02.07.2023 00:05:09.836 [main] INFO  c.thirdTask.Consumer - Received 300 messages
02.07.2023 00:06:32.978 [main] DEBUG c.t.FileProcessing - Properties were loaded
02.07.2023 00:06:33.011 [main] ERROR c.t.DataProcessing - Output format must be more than 1000
02.07.2023 00:10:32.875 [main] DEBUG c.t.FileProcessing - Properties were loaded
02.07.2023 00:10:32.919 [main] ERROR c.t.DataProcessing - Output format must be more than 1000
02.07.2023 00:10:37.405 [main] DEBUG c.t.FileProcessing - Properties were loaded
02.07.2023 00:10:37.461 [main] ERROR c.t.DataProcessing - Output format must be more than 1000
02.07.2023 00:10:49.476 [main] INFO  c.thirdTask.Consumer - Received 300 messages
02.07.2023 00:11:39.355 [main] INFO  c.thirdTask.Consumer - Received 300 messages
02.07.2023 00:15:07.750 [main] INFO  c.thirdTask.Consumer - Received 300 messages
02.07.2023 00:15:22.155 [main] INFO  c.thirdTask.Consumer - Received 300 messages
02.07.2023 00:16:06.585 [main] INFO  c.thirdTask.Consumer - Received 300 messages
02.07.2023 00:17:10.126 [main] INFO  c.thirdTask.Consumer - Received 300 messages
02.07.2023 00:20:20.641 [main] INFO  c.thirdTask.Consumer - Received 300 messages
02.07.2023 00:33:15.033 [main] INFO  c.thirdTask.Consumer - Received 300 messages
02.07.2023 01:08:22.863 [main] INFO  c.thirdTask.Consumer - Received 300 messages
02.07.2023 01:08:23.408 [main] DEBUG c.t.FileProcessing - Properties were loaded
02.07.2023 01:08:23.417 [main] INFO  c.t.FileProcessing - File someFile.csv created
02.07.2023 01:08:23.424 [main] DEBUG c.t.FileProcessing - Properties were loaded
02.07.2023 01:08:23.438 [main] DEBUG c.t.FileProcessing - Properties were loaded
02.07.2023 01:08:23.616 [main] DEBUG org.jboss.logging - Logging Provider: org.jboss.logging.Slf4jLoggerProvider
02.07.2023 01:08:23.617 [main] INFO  o.h.v.i.util.Version - HV000001: Hibernate Validator 8.0.0.Final
02.07.2023 01:22:04.619 [main] DEBUG c.t.FileProcessing - Properties were loaded
02.07.2023 01:22:08.319 [main] DEBUG c.t.FileProcessing - File was not read
java.io.FileNotFoundException: path\to\file.txt (The system cannot find the path specified)
	at java.base/java.io.FileInputStream.open0(Native Method)
	at java.base/java.io.FileInputStream.open(FileInputStream.java:219)
	at java.base/java.io.FileInputStream.<init>(FileInputStream.java:157)
	at java.base/java.io.FileInputStream.<init>(FileInputStream.java:112)
	at java.base/java.io.FileReader.<init>(FileReader.java:60)
	at com.thirdTask.FileProcessing.countMessages(FileProcessing.java:106)
	at com.thirdTask.FileProcessingTest.ifMessagesCounted(FileProcessingTest.java:40)
	at java.base/jdk.internal.reflect.NativeMethodAccessorImpl.invoke0(Native Method)
	at java.base/jdk.internal.reflect.NativeMethodAccessorImpl.invoke(NativeMethodAccessorImpl.java:62)
	at java.base/jdk.internal.reflect.DelegatingMethodAccessorImpl.invoke(DelegatingMethodAccessorImpl.java:43)
	at java.base/java.lang.reflect.Method.invoke(Method.java:566)
	at org.junit.platform.commons.util.ReflectionUtils.invokeMethod(ReflectionUtils.java:727)
	at org.junit.jupiter.engine.execution.MethodInvocation.proceed(MethodInvocation.java:60)
	at org.junit.jupiter.engine.execution.InvocationInterceptorChain$ValidatingInvocation.proceed(InvocationInterceptorChain.java:131)
	at org.junit.jupiter.engine.extension.TimeoutExtension.intercept(TimeoutExtension.java:156)
	at org.junit.jupiter.engine.extension.TimeoutExtension.interceptTestableMethod(TimeoutExtension.java:147)
	at org.junit.jupiter.engine.extension.TimeoutExtension.interceptTestMethod(TimeoutExtension.java:86)
	at org.junit.jupiter.engine.execution.InterceptingExecutableInvoker$ReflectiveInterceptorCall.lambda$ofVoidMethod$0(InterceptingExecutableInvoker.java:103)
	at org.junit.jupiter.engine.execution.InterceptingExecutableInvoker.lambda$invoke$0(InterceptingExecutableInvoker.java:93)
	at org.junit.jupiter.engine.execution.InvocationInterceptorChain$InterceptedInvocation.proceed(InvocationInterceptorChain.java:106)
	at org.junit.jupiter.engine.execution.InvocationInterceptorChain.proceed(InvocationInterceptorChain.java:64)
	at org.junit.jupiter.engine.execution.InvocationInterceptorChain.chainAndInvoke(InvocationInterceptorChain.java:45)
	at org.junit.jupiter.engine.execution.InvocationInterceptorChain.invoke(InvocationInterceptorChain.java:37)
	at org.junit.jupiter.engine.execution.InterceptingExecutableInvoker.invoke(InterceptingExecutableInvoker.java:92)
	at org.junit.jupiter.engine.execution.InterceptingExecutableInvoker.invoke(InterceptingExecutableInvoker.java:86)
	at org.junit.jupiter.engine.descriptor.TestMethodTestDescriptor.lambda$invokeTestMethod$7(TestMethodTestDescriptor.java:217)
	at org.junit.platform.engine.support.hierarchical.ThrowableCollector.execute(ThrowableCollector.java:73)
	at org.junit.jupiter.engine.descriptor.TestMethodTestDescriptor.invokeTestMethod(TestMethodTestDescriptor.java:213)
	at org.junit.jupiter.engine.descriptor.TestMethodTestDescriptor.execute(TestMethodTestDescriptor.java:138)
	at org.junit.jupiter.engine.descriptor.TestMethodTestDescriptor.execute(TestMethodTestDescriptor.java:68)
	at org.junit.platform.engine.support.hierarchical.NodeTestTask.lambda$executeRecursively$6(NodeTestTask.java:151)
	at org.junit.platform.engine.support.hierarchical.ThrowableCollector.execute(ThrowableCollector.java:73)
	at org.junit.platform.engine.support.hierarchical.NodeTestTask.lambda$executeRecursively$8(NodeTestTask.java:141)
	at org.junit.platform.engine.support.hierarchical.Node.around(Node.java:137)
	at org.junit.platform.engine.support.hierarchical.NodeTestTask.lambda$executeRecursively$9(NodeTestTask.java:139)
	at org.junit.platform.engine.support.hierarchical.ThrowableCollector.execute(ThrowableCollector.java:73)
	at org.junit.platform.engine.support.hierarchical.NodeTestTask.executeRecursively(NodeTestTask.java:138)
	at org.junit.platform.engine.support.hierarchical.NodeTestTask.execute(NodeTestTask.java:95)
	at java.base/java.util.ArrayList.forEach(ArrayList.java:1541)
	at org.junit.platform.engine.support.hierarchical.SameThreadHierarchicalTestExecutorService.invokeAll(SameThreadHierarchicalTestExecutorService.java:41)
	at org.junit.platform.engine.support.hierarchical.NodeTestTask.lambda$executeRecursively$6(NodeTestTask.java:155)
	at org.junit.platform.engine.support.hierarchical.ThrowableCollector.execute(ThrowableCollector.java:73)
	at org.junit.platform.engine.support.hierarchical.NodeTestTask.lambda$executeRecursively$8(NodeTestTask.java:141)
	at org.junit.platform.engine.support.hierarchical.Node.around(Node.java:137)
	at org.junit.platform.engine.support.hierarchical.NodeTestTask.lambda$executeRecursively$9(NodeTestTask.java:139)
	at org.junit.platform.engine.support.hierarchical.ThrowableCollector.execute(ThrowableCollector.java:73)
	at org.junit.platform.engine.support.hierarchical.NodeTestTask.executeRecursively(NodeTestTask.java:138)
	at org.junit.platform.engine.support.hierarchical.NodeTestTask.execute(NodeTestTask.java:95)
	at java.base/java.util.ArrayList.forEach(ArrayList.java:1541)
	at org.junit.platform.engine.support.hierarchical.SameThreadHierarchicalTestExecutorService.invokeAll(SameThreadHierarchicalTestExecutorService.java:41)
	at org.junit.platform.engine.support.hierarchical.NodeTestTask.lambda$executeRecursively$6(NodeTestTask.java:155)
	at org.junit.platform.engine.support.hierarchical.ThrowableCollector.execute(ThrowableCollector.java:73)
	at org.junit.platform.engine.support.hierarchical.NodeTestTask.lambda$executeRecursively$8(NodeTestTask.java:141)
	at org.junit.platform.engine.support.hierarchical.Node.around(Node.java:137)
	at org.junit.platform.engine.support.hierarchical.NodeTestTask.lambda$executeRecursively$9(NodeTestTask.java:139)
	at org.junit.platform.engine.support.hierarchical.ThrowableCollector.execute(ThrowableCollector.java:73)
	at org.junit.platform.engine.support.hierarchical.NodeTestTask.executeRecursively(NodeTestTask.java:138)
	at org.junit.platform.engine.support.hierarchical.NodeTestTask.execute(NodeTestTask.java:95)
	at org.junit.platform.engine.support.hierarchical.SameThreadHierarchicalTestExecutorService.submit(SameThreadHierarchicalTestExecutorService.java:35)
	at org.junit.platform.engine.support.hierarchical.HierarchicalTestExecutor.execute(HierarchicalTestExecutor.java:57)
	at org.junit.platform.engine.support.hierarchical.HierarchicalTestEngine.execute(HierarchicalTestEngine.java:54)
	at org.junit.platform.launcher.core.EngineExecutionOrchestrator.execute(EngineExecutionOrchestrator.java:147)
	at org.junit.platform.launcher.core.EngineExecutionOrchestrator.execute(EngineExecutionOrchestrator.java:127)
	at org.junit.platform.launcher.core.EngineExecutionOrchestrator.execute(EngineExecutionOrchestrator.java:90)
	at org.junit.platform.launcher.core.EngineExecutionOrchestrator.lambda$execute$0(EngineExecutionOrchestrator.java:55)
	at org.junit.platform.launcher.core.EngineExecutionOrchestrator.withInterceptedStreams(EngineExecutionOrchestrator.java:102)
	at org.junit.platform.launcher.core.EngineExecutionOrchestrator.execute(EngineExecutionOrchestrator.java:54)
	at org.junit.platform.launcher.core.DefaultLauncher.execute(DefaultLauncher.java:114)
	at org.junit.platform.launcher.core.DefaultLauncher.execute(DefaultLauncher.java:86)
	at org.junit.platform.launcher.core.DefaultLauncherSession$DelegatingLauncher.execute(DefaultLauncherSession.java:86)
	at org.junit.platform.launcher.core.SessionPerRequestLauncher.execute(SessionPerRequestLauncher.java:53)
	at com.intellij.junit5.JUnit5IdeaTestRunner.startRunnerWithArgs(JUnit5IdeaTestRunner.java:57)
	at com.intellij.rt.junit.IdeaTestRunner$Repeater$1.execute(IdeaTestRunner.java:38)
	at com.intellij.rt.execution.junit.TestsRepeater.repeat(TestsRepeater.java:11)
	at com.intellij.rt.junit.IdeaTestRunner$Repeater.startRunnerWithArgs(IdeaTestRunner.java:35)
	at com.intellij.rt.junit.JUnitStarter.prepareStreamsAndStart(JUnitStarter.java:235)
	at com.intellij.rt.junit.JUnitStarter.main(JUnitStarter.java:54)
02.07.2023 01:22:08.336 [main] DEBUG c.t.FileProcessing - messages in path/to/file.txt: -1
02.07.2023 01:22:08.419 [main] INFO  c.t.FileProcessing - File someFile.csv created
02.07.2023 01:22:53.658 [main] DEBUG c.t.FileProcessing - Properties were loaded
02.07.2023 01:22:58.100 [main] DEBUG c.t.FileProcessing - messages in test.txt: 1
02.07.2023 01:22:58.197 [main] INFO  c.t.FileProcessing - File someFile.csv created
02.07.2023 01:23:15.789 [main] DEBUG c.t.FileProcessing - Properties were loaded
02.07.2023 01:23:19.740 [main] DEBUG c.t.FileProcessing - messages in test.txt: 1
02.07.2023 01:23:19.772 [main] INFO  c.t.FileProcessing - File someFile.csv created
02.07.2023 01:23:35.248 [main] DEBUG c.t.FileProcessing - Properties were loaded
02.07.2023 01:23:39.583 [main] DEBUG c.t.FileProcessing - messages in test.txt: 1
02.07.2023 01:23:39.672 [main] INFO  c.t.FileProcessing - File someFile.csv created
02.07.2023 01:24:16.355 [main] INFO  c.thirdTask.Consumer - Received 300 messages
02.07.2023 01:24:17.062 [main] DEBUG c.t.FileProcessing - Properties were loaded
02.07.2023 01:24:17.073 [main] DEBUG c.t.FileProcessing - messages in test.txt: 1
02.07.2023 01:24:17.091 [main] INFO  c.t.FileProcessing - File someFile.csv created
02.07.2023 01:24:17.108 [main] DEBUG c.t.FileProcessing - Properties were loaded
02.07.2023 01:24:17.152 [main] DEBUG c.t.FileProcessing - Properties were loaded
02.07.2023 01:24:17.316 [main] DEBUG org.jboss.logging - Logging Provider: org.jboss.logging.Slf4jLoggerProvider
02.07.2023 01:24:17.318 [main] INFO  o.h.v.i.util.Version - HV000001: Hibernate Validator 8.0.0.Final
02.07.2023 01:24:43.528 [main] INFO  c.thirdTask.Consumer - Received 300 messages
02.07.2023 01:24:43.630 [main] DEBUG c.t.FileProcessing - Properties were loaded
02.07.2023 01:24:43.639 [main] DEBUG c.t.FileProcessing - messages in test.txt: 1
02.07.2023 01:24:43.658 [main] INFO  c.t.FileProcessing - File someFile.csv created
02.07.2023 01:24:43.685 [main] DEBUG c.t.FileProcessing - Properties were loaded
02.07.2023 01:24:43.713 [main] DEBUG c.t.FileProcessing - Properties were loaded
02.07.2023 01:24:43.878 [main] DEBUG org.jboss.logging - Logging Provider: org.jboss.logging.Slf4jLoggerProvider
02.07.2023 01:24:43.879 [main] INFO  o.h.v.i.util.Version - HV000001: Hibernate Validator 8.0.0.Final
02.07.2023 01:25:22.136 [main] DEBUG com.thirdTask.App - Start
02.07.2023 01:25:22.153 [main] INFO  c.t.FileProcessing - File valid.csv created
02.07.2023 01:25:22.158 [main] INFO  c.t.FileProcessing - File error.csv created
02.07.2023 01:25:22.164 [main] DEBUG c.t.FileProcessing - Properties were loaded
02.07.2023 01:25:22.165 [main] DEBUG c.t.FileProcessing - Properties were loaded
02.07.2023 01:25:22.458 [main] DEBUG o.a.a.t.WireFormatNegotiator - Sending: WireFormatInfo { version=9, properties={TcpNoDelayEnabled=true, SizePrefixDisabled=false, CacheSize=1024, StackTraceEnabled=true, CacheEnabled=true, TightEncodingEnabled=true, MaxFrameSize=9223372036854775807, MaxInactivityDuration=30000, MaxInactivityDurationInitalDelay=10000}, magic=[A,c,t,i,v,e,M,Q]}
02.07.2023 01:25:22.492 [ActiveMQ Transport: tcp:///127.0.0.1:61616@55864] DEBUG o.a.a.t.InactivityMonitor - Using min of local: WireFormatInfo { version=9, properties={TcpNoDelayEnabled=true, SizePrefixDisabled=false, CacheSize=1024, StackTraceEnabled=true, CacheEnabled=true, TightEncodingEnabled=true, MaxFrameSize=9223372036854775807, MaxInactivityDuration=30000, MaxInactivityDurationInitalDelay=10000}, magic=[A,c,t,i,v,e,M,Q]} and remote: WireFormatInfo { version=12, properties={StackTraceEnabled=true, PlatformDetails=Java, CacheEnabled=true, TcpNoDelayEnabled=true, SizePrefixDisabled=false, CacheSize=1024, ProviderName=ActiveMQ, TightEncodingEnabled=true, MaxFrameSize=104857600, MaxInactivityDuration=30000, MaxInactivityDurationInitalDelay=10000, MaxFrameSizeEnabled=true, ProviderVersion=5.18.1}, magic=[A,c,t,i,v,e,M,Q]}
02.07.2023 01:25:22.526 [ActiveMQ Transport: tcp:///127.0.0.1:61616@55864] DEBUG o.a.a.t.WireFormatNegotiator - Received WireFormat: WireFormatInfo { version=12, properties={StackTraceEnabled=true, PlatformDetails=Java, CacheEnabled=true, TcpNoDelayEnabled=true, SizePrefixDisabled=false, CacheSize=1024, ProviderName=ActiveMQ, TightEncodingEnabled=true, MaxFrameSize=104857600, MaxInactivityDuration=30000, MaxInactivityDurationInitalDelay=10000, MaxFrameSizeEnabled=true, ProviderVersion=5.18.1}, magic=[A,c,t,i,v,e,M,Q]}
02.07.2023 01:25:22.527 [ActiveMQ Transport: tcp:///127.0.0.1:61616@55864] DEBUG o.a.a.t.WireFormatNegotiator - tcp:///127.0.0.1:61616@55864 before negotiation: OpenWireFormat{version=9, cacheEnabled=false, stackTraceEnabled=false, tightEncodingEnabled=false, sizePrefixDisabled=false, maxFrameSize=9223372036854775807}
02.07.2023 01:25:22.532 [ActiveMQ Transport: tcp:///127.0.0.1:61616@55864] DEBUG o.a.a.t.WireFormatNegotiator - tcp:///127.0.0.1:61616@55864 after negotiation: OpenWireFormat{version=9, cacheEnabled=true, stackTraceEnabled=true, tightEncodingEnabled=true, sizePrefixDisabled=false, maxFrameSize=104857600}
02.07.2023 01:25:22.589 [main] DEBUG c.thirdTask.Producer - Connection started
02.07.2023 01:25:22.628 [main] DEBUG c.thirdTask.Producer - Queue was created
02.07.2023 01:25:22.638 [main] ERROR c.t.DataProcessing - Output format must be more than 1000
02.07.2023 01:25:42.208 [main] DEBUG com.thirdTask.App - Start
02.07.2023 01:25:42.221 [main] INFO  c.t.FileProcessing - File valid.csv created
02.07.2023 01:25:42.226 [main] INFO  c.t.FileProcessing - File error.csv created
02.07.2023 01:25:42.228 [main] DEBUG c.t.FileProcessing - Properties were loaded
02.07.2023 01:25:42.228 [main] DEBUG c.t.FileProcessing - Properties were loaded
02.07.2023 01:25:42.481 [main] DEBUG o.a.a.t.WireFormatNegotiator - Sending: WireFormatInfo { version=9, properties={TcpNoDelayEnabled=true, SizePrefixDisabled=false, CacheSize=1024, StackTraceEnabled=true, CacheEnabled=true, TightEncodingEnabled=true, MaxFrameSize=9223372036854775807, MaxInactivityDuration=30000, MaxInactivityDurationInitalDelay=10000}, magic=[A,c,t,i,v,e,M,Q]}
02.07.2023 01:25:42.507 [ActiveMQ Transport: tcp:///127.0.0.1:61616@55871] DEBUG o.a.a.t.InactivityMonitor - Using min of local: WireFormatInfo { version=9, properties={TcpNoDelayEnabled=true, SizePrefixDisabled=false, CacheSize=1024, StackTraceEnabled=true, CacheEnabled=true, TightEncodingEnabled=true, MaxFrameSize=9223372036854775807, MaxInactivityDuration=30000, MaxInactivityDurationInitalDelay=10000}, magic=[A,c,t,i,v,e,M,Q]} and remote: WireFormatInfo { version=12, properties={StackTraceEnabled=true, PlatformDetails=Java, CacheEnabled=true, TcpNoDelayEnabled=true, SizePrefixDisabled=false, CacheSize=1024, ProviderName=ActiveMQ, TightEncodingEnabled=true, MaxFrameSize=104857600, MaxInactivityDuration=30000, MaxInactivityDurationInitalDelay=10000, MaxFrameSizeEnabled=true, ProviderVersion=5.18.1}, magic=[A,c,t,i,v,e,M,Q]}
02.07.2023 01:25:42.520 [ActiveMQ Transport: tcp:///127.0.0.1:61616@55871] DEBUG o.a.a.t.WireFormatNegotiator - Received WireFormat: WireFormatInfo { version=12, properties={StackTraceEnabled=true, PlatformDetails=Java, CacheEnabled=true, TcpNoDelayEnabled=true, SizePrefixDisabled=false, CacheSize=1024, ProviderName=ActiveMQ, TightEncodingEnabled=true, MaxFrameSize=104857600, MaxInactivityDuration=30000, MaxInactivityDurationInitalDelay=10000, MaxFrameSizeEnabled=true, ProviderVersion=5.18.1}, magic=[A,c,t,i,v,e,M,Q]}
02.07.2023 01:25:42.521 [ActiveMQ Transport: tcp:///127.0.0.1:61616@55871] DEBUG o.a.a.t.WireFormatNegotiator - tcp:///127.0.0.1:61616@55871 before negotiation: OpenWireFormat{version=9, cacheEnabled=false, stackTraceEnabled=false, tightEncodingEnabled=false, sizePrefixDisabled=false, maxFrameSize=9223372036854775807}
02.07.2023 01:25:42.525 [ActiveMQ Transport: tcp:///127.0.0.1:61616@55871] DEBUG o.a.a.t.WireFormatNegotiator - tcp:///127.0.0.1:61616@55871 after negotiation: OpenWireFormat{version=9, cacheEnabled=true, stackTraceEnabled=true, tightEncodingEnabled=true, sizePrefixDisabled=false, maxFrameSize=104857600}
02.07.2023 01:25:42.562 [main] DEBUG c.thirdTask.Producer - Connection started
02.07.2023 01:25:42.631 [main] DEBUG c.thirdTask.Producer - Queue was created
02.07.2023 01:25:42.868 [main] DEBUG c.thirdTask.Producer - PoisonPill is 10
02.07.2023 01:25:42.868 [main] DEBUG c.thirdTask.Producer - Time start 01:25:42.868597900
02.07.2023 01:25:42.869 [main] DEBUG c.thirdTask.Producer - Estimated time end 01:25:52.868597900 
02.07.2023 01:25:43.131 [main] INFO  c.thirdTask.Producer - PoisonPill has been sent
02.07.2023 01:25:43.132 [main] INFO  c.thirdTask.Producer - Messages sent at 01:25:43.132790300, for 264 milliseconds
02.07.2023 01:25:43.132 [main] DEBUG c.thirdTask.Producer - Sent 1003 messages
02.07.2023 01:25:43.140 [ActiveMQ Transport: tcp:///127.0.0.1:61616@55871] DEBUG o.a.a.u.ThreadPoolUtils - Shutdown of ExecutorService: java.util.concurrent.ThreadPoolExecutor@613dea3c[Terminated, pool size = 0, active threads = 0, queued tasks = 0, completed tasks = 0] is shutdown: true and terminated: true took: 0.000 seconds.
02.07.2023 01:25:43.141 [main] DEBUG o.a.a.u.ThreadPoolUtils - Shutdown of ExecutorService: java.util.concurrent.ThreadPoolExecutor@a567e72[Terminated, pool size = 0, active threads = 0, queued tasks = 0, completed tasks = 0] is shutdown: true and terminated: true took: 0.001 seconds.
02.07.2023 01:25:43.144 [main] DEBUG o.a.a.t.t.TcpTransport - Stopping transport tcp:///127.0.0.1:61616@55871
02.07.2023 01:25:43.146 [main] DEBUG o.a.a.t.TaskRunnerFactory - Initialized TaskRunnerFactory[ActiveMQ Task] using ExecutorService: java.util.concurrent.ThreadPoolExecutor@67ec8477[Running, pool size = 0, active threads = 0, queued tasks = 0, completed tasks = 0]
02.07.2023 01:25:43.148 [ActiveMQ Task-1] DEBUG o.a.a.t.t.TcpTransport - Closed socket Socket[addr=/127.0.0.1,port=61616,localport=55871]
02.07.2023 01:25:43.149 [main] DEBUG o.a.a.u.ThreadPoolUtils - Forcing shutdown of ExecutorService: java.util.concurrent.ThreadPoolExecutor@67ec8477[Running, pool size = 1, active threads = 0, queued tasks = 0, completed tasks = 1]
02.07.2023 01:25:43.149 [main] INFO  c.thirdTask.Producer - Connection closed
02.07.2023 01:25:43.151 [Thread-2] DEBUG c.t.FileProcessing - Properties were loaded
02.07.2023 01:25:43.152 [Thread-2] DEBUG o.a.a.t.WireFormatNegotiator - Sending: WireFormatInfo { version=9, properties={TcpNoDelayEnabled=true, SizePrefixDisabled=false, CacheSize=1024, StackTraceEnabled=true, CacheEnabled=true, TightEncodingEnabled=true, MaxFrameSize=9223372036854775807, MaxInactivityDuration=30000, MaxInactivityDurationInitalDelay=10000}, magic=[A,c,t,i,v,e,M,Q]}
02.07.2023 01:25:43.154 [ActiveMQ Transport: tcp:///127.0.0.1:61616@55872] DEBUG o.a.a.t.InactivityMonitor - Using min of local: WireFormatInfo { version=9, properties={TcpNoDelayEnabled=true, SizePrefixDisabled=false, CacheSize=1024, StackTraceEnabled=true, CacheEnabled=true, TightEncodingEnabled=true, MaxFrameSize=9223372036854775807, MaxInactivityDuration=30000, MaxInactivityDurationInitalDelay=10000}, magic=[A,c,t,i,v,e,M,Q]} and remote: WireFormatInfo { version=12, properties={StackTraceEnabled=true, PlatformDetails=Java, CacheEnabled=true, TcpNoDelayEnabled=true, SizePrefixDisabled=false, CacheSize=1024, ProviderName=ActiveMQ, TightEncodingEnabled=true, MaxFrameSize=104857600, MaxInactivityDuration=30000, MaxInactivityDurationInitalDelay=10000, MaxFrameSizeEnabled=true, ProviderVersion=5.18.1}, magic=[A,c,t,i,v,e,M,Q]}
02.07.2023 01:25:43.155 [ActiveMQ Transport: tcp:///127.0.0.1:61616@55872] DEBUG o.a.a.t.WireFormatNegotiator - Received WireFormat: WireFormatInfo { version=12, properties={StackTraceEnabled=true, PlatformDetails=Java, CacheEnabled=true, TcpNoDelayEnabled=true, SizePrefixDisabled=false, CacheSize=1024, ProviderName=ActiveMQ, TightEncodingEnabled=true, MaxFrameSize=104857600, MaxInactivityDuration=30000, MaxInactivityDurationInitalDelay=10000, MaxFrameSizeEnabled=true, ProviderVersion=5.18.1}, magic=[A,c,t,i,v,e,M,Q]}
02.07.2023 01:25:43.155 [ActiveMQ Transport: tcp:///127.0.0.1:61616@55872] DEBUG o.a.a.t.WireFormatNegotiator - tcp:///127.0.0.1:61616@55872 before negotiation: OpenWireFormat{version=9, cacheEnabled=false, stackTraceEnabled=false, tightEncodingEnabled=false, sizePrefixDisabled=false, maxFrameSize=9223372036854775807}
02.07.2023 01:25:43.156 [ActiveMQ Transport: tcp:///127.0.0.1:61616@55872] DEBUG o.a.a.t.WireFormatNegotiator - tcp:///127.0.0.1:61616@55872 after negotiation: OpenWireFormat{version=9, cacheEnabled=true, stackTraceEnabled=true, tightEncodingEnabled=true, sizePrefixDisabled=false, maxFrameSize=104857600}
02.07.2023 01:25:43.169 [Thread-2] DEBUG o.a.a.t.TaskRunnerFactory - Initialized TaskRunnerFactory[ActiveMQ Session Task] using ExecutorService: java.util.concurrent.ThreadPoolExecutor@40c2bb92[Running, pool size = 0, active threads = 0, queued tasks = 0, completed tasks = 0]
02.07.2023 01:25:43.475 [Thread-2] INFO  c.thirdTask.Consumer - PoisonPill received
02.07.2023 01:25:43.476 [Thread-2] INFO  c.thirdTask.Consumer - Received 1003 messages
02.07.2023 01:25:43.476 [Thread-2] INFO  c.thirdTask.Consumer - Speed, messages in second 3321.1920529801328
02.07.2023 01:25:43.476 [Thread-2] DEBUG o.a.a.ActiveMQMessageConsumer - remove: ID:DESKTOP-GT5B82O-55870-1688253942352-3:1:1:1, lastDeliveredSequenceId:1629254
02.07.2023 01:25:43.478 [Thread-2] DEBUG o.a.a.u.ThreadPoolUtils - Shutdown of ExecutorService: java.util.concurrent.ThreadPoolExecutor@40c2bb92[Terminated, pool size = 0, active threads = 0, queued tasks = 0, completed tasks = 652] is shutdown: true and terminated: false took: 0.001 seconds.
02.07.2023 01:25:43.478 [Thread-2] DEBUG o.a.a.u.ThreadPoolUtils - Shutdown of ExecutorService: java.util.concurrent.ThreadPoolExecutor@60c518b9[Terminated, pool size = 0, active threads = 0, queued tasks = 0, completed tasks = 0] is shutdown: true and terminated: true took: 0.000 seconds.
02.07.2023 01:25:43.479 [Thread-2] DEBUG o.a.a.u.ThreadPoolUtils - Shutdown of ExecutorService: java.util.concurrent.ThreadPoolExecutor@34e87236[Terminated, pool size = 0, active threads = 0, queued tasks = 0, completed tasks = 0] is shutdown: true and terminated: true took: 0.000 seconds.
02.07.2023 01:25:43.479 [Thread-2] DEBUG o.a.a.t.t.TcpTransport - Stopping transport tcp:///127.0.0.1:61616@55872
02.07.2023 01:25:43.480 [Thread-2] DEBUG o.a.a.t.TaskRunnerFactory - Initialized TaskRunnerFactory[ActiveMQ Task] using ExecutorService: java.util.concurrent.ThreadPoolExecutor@139a95d7[Running, pool size = 0, active threads = 0, queued tasks = 0, completed tasks = 0]
02.07.2023 01:25:43.481 [ActiveMQ Task-1] DEBUG o.a.a.t.t.TcpTransport - Closed socket Socket[addr=/127.0.0.1,port=61616,localport=55872]
02.07.2023 01:25:43.481 [Thread-2] DEBUG o.a.a.u.ThreadPoolUtils - Forcing shutdown of ExecutorService: java.util.concurrent.ThreadPoolExecutor@139a95d7[Running, pool size = 1, active threads = 0, queued tasks = 0, completed tasks = 1]
02.07.2023 01:25:44.307 [Thread-3] DEBUG org.jboss.logging - Logging Provider: org.jboss.logging.Slf4jLoggerProvider
02.07.2023 01:25:44.308 [Thread-3] INFO  o.h.v.i.util.Version - HV000001: Hibernate Validator 8.0.0.Final
02.07.2023 01:25:47.044 [main] DEBUG c.t.FileProcessing - messages in valid.csv: 17
02.07.2023 01:25:47.069 [main] DEBUG c.t.FileProcessing - messages in error.csv: 987
02.07.2023 01:25:47.070 [main] DEBUG com.thirdTask.App - Finish
02.07.2023 17:17:44.248 [main] DEBUG com.thirdTask.App - Start
02.07.2023 17:17:44.258 [main] INFO  c.t.FileProcessing - File valid.csv created
02.07.2023 17:17:44.261 [main] INFO  c.t.FileProcessing - File error.csv created
02.07.2023 17:17:44.268 [main] DEBUG c.t.FileProcessing - Properties were loaded
02.07.2023 17:17:44.269 [main] DEBUG c.t.FileProcessing - Properties were loaded
02.07.2023 17:17:44.497 [main] DEBUG o.a.a.u.ThreadPoolUtils - Shutdown of ExecutorService: java.util.concurrent.ThreadPoolExecutor@55cb6996[Terminated, pool size = 0, active threads = 0, queued tasks = 0, completed tasks = 0] is shutdown: true and terminated: true took: 0.000 seconds.
02.07.2023 17:17:44.498 [main] DEBUG o.a.a.t.t.TcpTransport - Stopping transport tcp://127.0.0.1:61616
02.07.2023 17:17:44.502 [main] DEBUG o.a.a.t.TaskRunnerFactory - Initialized TaskRunnerFactory[ActiveMQ Task] using ExecutorService: java.util.concurrent.ThreadPoolExecutor@d554c5f[Running, pool size = 0, active threads = 0, queued tasks = 0, completed tasks = 0]
02.07.2023 17:17:44.504 [ActiveMQ Task-1] DEBUG o.a.a.t.t.TcpTransport - Closed socket Socket[unconnected]
02.07.2023 17:17:44.505 [main] DEBUG o.a.a.u.ThreadPoolUtils - Forcing shutdown of ExecutorService: java.util.concurrent.ThreadPoolExecutor@d554c5f[Running, pool size = 1, active threads = 0, queued tasks = 0, completed tasks = 1]
02.07.2023 17:17:44.507 [main] ERROR c.thirdTask.Producer - JMSException occurred in class com.thirdTask.Producer
javax.jms.JMSException: Could not connect to broker URL: tcp://127.0.0.1:61616. Reason: java.net.ConnectException: Connection refused: connect
	at org.apache.activemq.util.JMSExceptionSupport.create(JMSExceptionSupport.java:35)
	at org.apache.activemq.ActiveMQConnectionFactory.createActiveMQConnection(ActiveMQConnectionFactory.java:293)
	at org.apache.activemq.ActiveMQConnectionFactory.createActiveMQConnection(ActiveMQConnectionFactory.java:238)
	at org.apache.activemq.ActiveMQConnectionFactory.createConnection(ActiveMQConnectionFactory.java:184)
	at com.thirdTask.Producer.createProducerAndSendMessage(Producer.java:39)
	at com.thirdTask.Producer.run(Producer.java:23)
	at com.thirdTask.App.main(App.java:25)
Caused by: java.net.ConnectException: Connection refused: connect
	at java.base/java.net.PlainSocketImpl.waitForConnect(Native Method)
	at java.base/java.net.PlainSocketImpl.socketConnect(PlainSocketImpl.java:107)
	at java.base/java.net.AbstractPlainSocketImpl.doConnect(AbstractPlainSocketImpl.java:412)
	at java.base/java.net.AbstractPlainSocketImpl.connectToAddress(AbstractPlainSocketImpl.java:255)
	at java.base/java.net.AbstractPlainSocketImpl.connect(AbstractPlainSocketImpl.java:237)
	at java.base/java.net.SocksSocketImpl.connect(SocksSocketImpl.java:392)
	at java.base/java.net.Socket.connect(Socket.java:609)
	at org.apache.activemq.transport.tcp.TcpTransport.connect(TcpTransport.java:504)
	at org.apache.activemq.transport.tcp.TcpTransport.doStart(TcpTransport.java:467)
	at org.apache.activemq.util.ServiceSupport.start(ServiceSupport.java:55)
	at org.apache.activemq.transport.AbstractInactivityMonitor.start(AbstractInactivityMonitor.java:132)
	at org.apache.activemq.transport.TransportFilter.start(TransportFilter.java:58)
	at org.apache.activemq.transport.WireFormatNegotiator.start(WireFormatNegotiator.java:72)
	at org.apache.activemq.transport.TransportFilter.start(TransportFilter.java:58)
	at org.apache.activemq.transport.TransportFilter.start(TransportFilter.java:58)
	at org.apache.activemq.ActiveMQConnectionFactory.createActiveMQConnection(ActiveMQConnectionFactory.java:273)
	... 5 common frames omitted
02.07.2023 17:17:44.518 [Thread-0] DEBUG c.t.FileProcessing - Properties were loaded
02.07.2023 17:17:44.535 [Thread-0] DEBUG o.a.a.u.ThreadPoolUtils - Shutdown of ExecutorService: java.util.concurrent.ThreadPoolExecutor@588aa21d[Terminated, pool size = 0, active threads = 0, queued tasks = 0, completed tasks = 0] is shutdown: true and terminated: true took: 0.000 seconds.
02.07.2023 17:17:44.535 [Thread-0] DEBUG o.a.a.t.t.TcpTransport - Stopping transport tcp://127.0.0.1:61616
02.07.2023 17:17:44.535 [Thread-0] DEBUG o.a.a.t.TaskRunnerFactory - Initialized TaskRunnerFactory[ActiveMQ Task] using ExecutorService: java.util.concurrent.ThreadPoolExecutor@564d577c[Running, pool size = 0, active threads = 0, queued tasks = 0, completed tasks = 0]
02.07.2023 17:17:44.537 [ActiveMQ Task-1] DEBUG o.a.a.t.t.TcpTransport - Closed socket Socket[unconnected]
02.07.2023 17:17:44.537 [Thread-0] DEBUG o.a.a.u.ThreadPoolUtils - Forcing shutdown of ExecutorService: java.util.concurrent.ThreadPoolExecutor@564d577c[Running, pool size = 1, active threads = 0, queued tasks = 0, completed tasks = 1]
02.07.2023 17:17:44.537 [Thread-0] ERROR c.thirdTask.Consumer - JMSException occurred in class com.thirdTask.Consumer
javax.jms.JMSException: Could not connect to broker URL: tcp://127.0.0.1:61616. Reason: java.net.ConnectException: Connection refused: connect
	at org.apache.activemq.util.JMSExceptionSupport.create(JMSExceptionSupport.java:35)
	at org.apache.activemq.ActiveMQConnectionFactory.createActiveMQConnection(ActiveMQConnectionFactory.java:293)
	at org.apache.activemq.ActiveMQConnectionFactory.createActiveMQConnection(ActiveMQConnectionFactory.java:238)
	at org.apache.activemq.ActiveMQConnectionFactory.createConnection(ActiveMQConnectionFactory.java:184)
	at com.thirdTask.Consumer.createConsumerAndReceiveMessages(Consumer.java:42)
	at com.thirdTask.Consumer.run(Consumer.java:28)
	at java.base/java.lang.Thread.run(Thread.java:829)
Caused by: java.net.ConnectException: Connection refused: connect
	at java.base/java.net.PlainSocketImpl.waitForConnect(Native Method)
	at java.base/java.net.PlainSocketImpl.socketConnect(PlainSocketImpl.java:107)
	at java.base/java.net.AbstractPlainSocketImpl.doConnect(AbstractPlainSocketImpl.java:412)
	at java.base/java.net.AbstractPlainSocketImpl.connectToAddress(AbstractPlainSocketImpl.java:255)
	at java.base/java.net.AbstractPlainSocketImpl.connect(AbstractPlainSocketImpl.java:237)
	at java.base/java.net.SocksSocketImpl.connect(SocksSocketImpl.java:392)
	at java.base/java.net.Socket.connect(Socket.java:609)
	at org.apache.activemq.transport.tcp.TcpTransport.connect(TcpTransport.java:504)
	at org.apache.activemq.transport.tcp.TcpTransport.doStart(TcpTransport.java:467)
	at org.apache.activemq.util.ServiceSupport.start(ServiceSupport.java:55)
	at org.apache.activemq.transport.AbstractInactivityMonitor.start(AbstractInactivityMonitor.java:132)
	at org.apache.activemq.transport.TransportFilter.start(TransportFilter.java:58)
	at org.apache.activemq.transport.WireFormatNegotiator.start(WireFormatNegotiator.java:72)
	at org.apache.activemq.transport.TransportFilter.start(TransportFilter.java:58)
	at org.apache.activemq.transport.TransportFilter.start(TransportFilter.java:58)
	at org.apache.activemq.ActiveMQConnectionFactory.createActiveMQConnection(ActiveMQConnectionFactory.java:273)
	... 5 common frames omitted
02.07.2023 17:17:45.538 [main] DEBUG c.t.FileProcessing - messages in valid.csv: 0
02.07.2023 17:17:45.543 [main] DEBUG c.t.FileProcessing - messages in error.csv: 0
02.07.2023 17:17:45.543 [main] DEBUG com.thirdTask.App - Finish
02.07.2023 17:18:19.267 [main] DEBUG com.thirdTask.App - Start
02.07.2023 17:18:19.277 [main] INFO  c.t.FileProcessing - File valid.csv created
02.07.2023 17:18:19.280 [main] INFO  c.t.FileProcessing - File error.csv created
02.07.2023 17:18:19.283 [main] DEBUG c.t.FileProcessing - Properties were loaded
02.07.2023 17:18:19.284 [main] DEBUG c.t.FileProcessing - Properties were loaded
02.07.2023 17:18:20.016 [main] DEBUG o.a.a.t.WireFormatNegotiator - Sending: WireFormatInfo { version=9, properties={TcpNoDelayEnabled=true, SizePrefixDisabled=false, CacheSize=1024, StackTraceEnabled=true, CacheEnabled=true, TightEncodingEnabled=true, MaxFrameSize=9223372036854775807, MaxInactivityDuration=30000, MaxInactivityDurationInitalDelay=10000}, magic=[A,c,t,i,v,e,M,Q]}
02.07.2023 17:18:20.783 [ActiveMQ Transport: ssl://b-3f65b423-30df-457d-94a6-8f8ffad7bf4b-1.mq.eu-central-1.amazonaws.com/3.78.234.120:61617] DEBUG o.a.a.t.InactivityMonitor - Using min of local: WireFormatInfo { version=9, properties={TcpNoDelayEnabled=true, SizePrefixDisabled=false, CacheSize=1024, StackTraceEnabled=true, CacheEnabled=true, TightEncodingEnabled=true, MaxFrameSize=9223372036854775807, MaxInactivityDuration=30000, MaxInactivityDurationInitalDelay=10000}, magic=[A,c,t,i,v,e,M,Q]} and remote: WireFormatInfo { version=12, properties={StackTraceEnabled=true, PlatformDetails=Java, CacheEnabled=true, TcpNoDelayEnabled=true, SizePrefixDisabled=false, CacheSize=1024, ProviderName=ActiveMQ, TightEncodingEnabled=true, MaxFrameSize=104857600, MaxInactivityDuration=30000, MaxInactivityDurationInitalDelay=10000, MaxFrameSizeEnabled=true, ProviderVersion=5.17.3}, magic=[A,c,t,i,v,e,M,Q]}
02.07.2023 17:18:20.793 [ActiveMQ Transport: ssl://b-3f65b423-30df-457d-94a6-8f8ffad7bf4b-1.mq.eu-central-1.amazonaws.com/3.78.234.120:61617] DEBUG o.a.a.t.WireFormatNegotiator - Received WireFormat: WireFormatInfo { version=12, properties={StackTraceEnabled=true, PlatformDetails=Java, CacheEnabled=true, TcpNoDelayEnabled=true, SizePrefixDisabled=false, CacheSize=1024, ProviderName=ActiveMQ, TightEncodingEnabled=true, MaxFrameSize=104857600, MaxInactivityDuration=30000, MaxInactivityDurationInitalDelay=10000, MaxFrameSizeEnabled=true, ProviderVersion=5.17.3}, magic=[A,c,t,i,v,e,M,Q]}
02.07.2023 17:18:20.795 [ActiveMQ Transport: ssl://b-3f65b423-30df-457d-94a6-8f8ffad7bf4b-1.mq.eu-central-1.amazonaws.com/3.78.234.120:61617] DEBUG o.a.a.t.WireFormatNegotiator - ssl://b-3f65b423-30df-457d-94a6-8f8ffad7bf4b-1.mq.eu-central-1.amazonaws.com/3.78.234.120:61617 before negotiation: OpenWireFormat{version=9, cacheEnabled=false, stackTraceEnabled=false, tightEncodingEnabled=false, sizePrefixDisabled=false, maxFrameSize=9223372036854775807}
02.07.2023 17:18:20.797 [ActiveMQ Transport: ssl://b-3f65b423-30df-457d-94a6-8f8ffad7bf4b-1.mq.eu-central-1.amazonaws.com/3.78.234.120:61617] DEBUG o.a.a.t.WireFormatNegotiator - ssl://b-3f65b423-30df-457d-94a6-8f8ffad7bf4b-1.mq.eu-central-1.amazonaws.com/3.78.234.120:61617 after negotiation: OpenWireFormat{version=9, cacheEnabled=true, stackTraceEnabled=true, tightEncodingEnabled=true, sizePrefixDisabled=false, maxFrameSize=104857600}
02.07.2023 17:18:20.922 [main] DEBUG c.thirdTask.Producer - Connection started
02.07.2023 17:18:20.953 [main] DEBUG c.thirdTask.Producer - Queue was created
02.07.2023 17:18:21.086 [main] DEBUG c.thirdTask.Producer - PoisonPill is 10
02.07.2023 17:18:21.086 [main] DEBUG c.thirdTask.Producer - Time start 17:18:21.086335
02.07.2023 17:18:21.086 [main] DEBUG c.thirdTask.Producer - Estimated time end 17:18:31.086335 
02.07.2023 17:18:21.370 [main] INFO  c.thirdTask.Producer - PoisonPill has been sent
02.07.2023 17:18:21.370 [main] INFO  c.thirdTask.Producer - Messages sent at 17:18:21.370133200, for 283 milliseconds
02.07.2023 17:18:21.370 [main] DEBUG c.thirdTask.Producer - Sent 1003 messages
02.07.2023 17:18:21.417 [main] DEBUG o.a.a.u.ThreadPoolUtils - Shutdown of ExecutorService: java.util.concurrent.ThreadPoolExecutor@796065aa[Terminated, pool size = 0, active threads = 0, queued tasks = 0, completed tasks = 0] is shutdown: true and terminated: true took: 0.000 seconds.
02.07.2023 17:18:21.418 [main] DEBUG o.a.a.u.ThreadPoolUtils - Shutdown of ExecutorService: java.util.concurrent.ThreadPoolExecutor@28a6301f[Terminated, pool size = 0, active threads = 0, queued tasks = 0, completed tasks = 0] is shutdown: true and terminated: true took: 0.000 seconds.
02.07.2023 17:18:21.418 [main] DEBUG o.a.a.t.t.TcpTransport - Stopping transport ssl://b-3f65b423-30df-457d-94a6-8f8ffad7bf4b-1.mq.eu-central-1.amazonaws.com/3.78.234.120:61617
02.07.2023 17:18:21.419 [main] DEBUG o.a.a.t.TaskRunnerFactory - Initialized TaskRunnerFactory[ActiveMQ Task] using ExecutorService: java.util.concurrent.ThreadPoolExecutor@3ac04654[Running, pool size = 0, active threads = 0, queued tasks = 0, completed tasks = 0]
02.07.2023 17:18:21.423 [ActiveMQ Task-1] DEBUG o.a.a.t.t.TcpTransport - Closed socket Socket[addr=b-3f65b423-30df-457d-94a6-8f8ffad7bf4b-1.mq.eu-central-1.amazonaws.com/3.78.234.120,port=61617,localport=57369]
02.07.2023 17:18:21.423 [main] DEBUG o.a.a.u.ThreadPoolUtils - Forcing shutdown of ExecutorService: java.util.concurrent.ThreadPoolExecutor@3ac04654[Running, pool size = 1, active threads = 0, queued tasks = 0, completed tasks = 1]
02.07.2023 17:18:21.424 [main] INFO  c.thirdTask.Producer - Connection closed
02.07.2023 17:18:21.424 [Thread-2] DEBUG c.t.FileProcessing - Properties were loaded
02.07.2023 17:18:21.461 [Thread-2] DEBUG o.a.a.t.WireFormatNegotiator - Sending: WireFormatInfo { version=9, properties={TcpNoDelayEnabled=true, SizePrefixDisabled=false, CacheSize=1024, StackTraceEnabled=true, CacheEnabled=true, TightEncodingEnabled=true, MaxFrameSize=9223372036854775807, MaxInactivityDuration=30000, MaxInactivityDurationInitalDelay=10000}, magic=[A,c,t,i,v,e,M,Q]}
02.07.2023 17:18:21.641 [ActiveMQ Transport: ssl://b-3f65b423-30df-457d-94a6-8f8ffad7bf4b-1.mq.eu-central-1.amazonaws.com/3.78.234.120:61617] DEBUG o.a.a.t.InactivityMonitor - Using min of local: WireFormatInfo { version=9, properties={TcpNoDelayEnabled=true, SizePrefixDisabled=false, CacheSize=1024, StackTraceEnabled=true, CacheEnabled=true, TightEncodingEnabled=true, MaxFrameSize=9223372036854775807, MaxInactivityDuration=30000, MaxInactivityDurationInitalDelay=10000}, magic=[A,c,t,i,v,e,M,Q]} and remote: WireFormatInfo { version=12, properties={StackTraceEnabled=true, PlatformDetails=Java, CacheEnabled=true, TcpNoDelayEnabled=true, SizePrefixDisabled=false, CacheSize=1024, ProviderName=ActiveMQ, TightEncodingEnabled=true, MaxFrameSize=104857600, MaxInactivityDuration=30000, MaxInactivityDurationInitalDelay=10000, MaxFrameSizeEnabled=true, ProviderVersion=5.17.3}, magic=[A,c,t,i,v,e,M,Q]}
02.07.2023 17:18:21.641 [ActiveMQ Transport: ssl://b-3f65b423-30df-457d-94a6-8f8ffad7bf4b-1.mq.eu-central-1.amazonaws.com/3.78.234.120:61617] DEBUG o.a.a.t.WireFormatNegotiator - Received WireFormat: WireFormatInfo { version=12, properties={StackTraceEnabled=true, PlatformDetails=Java, CacheEnabled=true, TcpNoDelayEnabled=true, SizePrefixDisabled=false, CacheSize=1024, ProviderName=ActiveMQ, TightEncodingEnabled=true, MaxFrameSize=104857600, MaxInactivityDuration=30000, MaxInactivityDurationInitalDelay=10000, MaxFrameSizeEnabled=true, ProviderVersion=5.17.3}, magic=[A,c,t,i,v,e,M,Q]}
02.07.2023 17:18:21.642 [ActiveMQ Transport: ssl://b-3f65b423-30df-457d-94a6-8f8ffad7bf4b-1.mq.eu-central-1.amazonaws.com/3.78.234.120:61617] DEBUG o.a.a.t.WireFormatNegotiator - ssl://b-3f65b423-30df-457d-94a6-8f8ffad7bf4b-1.mq.eu-central-1.amazonaws.com/3.78.234.120:61617 before negotiation: OpenWireFormat{version=9, cacheEnabled=false, stackTraceEnabled=false, tightEncodingEnabled=false, sizePrefixDisabled=false, maxFrameSize=9223372036854775807}
02.07.2023 17:18:21.642 [ActiveMQ Transport: ssl://b-3f65b423-30df-457d-94a6-8f8ffad7bf4b-1.mq.eu-central-1.amazonaws.com/3.78.234.120:61617] DEBUG o.a.a.t.WireFormatNegotiator - ssl://b-3f65b423-30df-457d-94a6-8f8ffad7bf4b-1.mq.eu-central-1.amazonaws.com/3.78.234.120:61617 after negotiation: OpenWireFormat{version=9, cacheEnabled=true, stackTraceEnabled=true, tightEncodingEnabled=true, sizePrefixDisabled=false, maxFrameSize=104857600}
02.07.2023 17:18:21.868 [ActiveMQ Transport: ssl://b-3f65b423-30df-457d-94a6-8f8ffad7bf4b-1.mq.eu-central-1.amazonaws.com/3.78.234.120:61617] DEBUG o.a.a.t.TaskRunnerFactory - Initialized TaskRunnerFactory[ActiveMQ Session Task] using ExecutorService: java.util.concurrent.ThreadPoolExecutor@73cb6ce8[Running, pool size = 0, active threads = 0, queued tasks = 0, completed tasks = 0]
02.07.2023 17:18:22.491 [Thread-3] DEBUG org.jboss.logging - Logging Provider: org.jboss.logging.Slf4jLoggerProvider
02.07.2023 17:18:22.492 [Thread-3] INFO  o.h.v.i.util.Version - HV000001: Hibernate Validator 8.0.0.Final
02.07.2023 17:18:22.743 [Thread-2] INFO  c.thirdTask.Consumer - PoisonPill received
02.07.2023 17:18:22.743 [Thread-2] INFO  c.thirdTask.Consumer - Received 1003 messages
02.07.2023 17:18:22.743 [Thread-2] INFO  c.thirdTask.Consumer - Speed, messages in second 1152.8735632183907
02.07.2023 17:18:22.745 [Thread-2] DEBUG o.a.a.ActiveMQMessageConsumer - remove: ID:DESKTOP-GT5B82O-57368-1688311099810-3:1:1:1, lastDeliveredSequenceId:285146
02.07.2023 17:18:22.806 [Thread-2] DEBUG o.a.a.u.ThreadPoolUtils - Shutdown of ExecutorService: java.util.concurrent.ThreadPoolExecutor@73cb6ce8[Terminated, pool size = 0, active threads = 0, queued tasks = 0, completed tasks = 858] is shutdown: true and terminated: false took: 0.000 seconds.
02.07.2023 17:18:22.806 [Thread-2] DEBUG o.a.a.u.ThreadPoolUtils - Shutdown of ExecutorService: java.util.concurrent.ThreadPoolExecutor@215919db[Terminated, pool size = 0, active threads = 0, queued tasks = 0, completed tasks = 0] is shutdown: true and terminated: true took: 0.000 seconds.
02.07.2023 17:18:22.806 [Thread-2] DEBUG o.a.a.u.ThreadPoolUtils - Shutdown of ExecutorService: java.util.concurrent.ThreadPoolExecutor@6865f619[Terminated, pool size = 0, active threads = 0, queued tasks = 0, completed tasks = 0] is shutdown: true and terminated: true took: 0.000 seconds.
02.07.2023 17:18:22.806 [Thread-2] DEBUG o.a.a.t.t.TcpTransport - Stopping transport ssl://b-3f65b423-30df-457d-94a6-8f8ffad7bf4b-1.mq.eu-central-1.amazonaws.com/3.78.234.120:61617
02.07.2023 17:18:22.807 [Thread-2] DEBUG o.a.a.t.TaskRunnerFactory - Initialized TaskRunnerFactory[ActiveMQ Task] using ExecutorService: java.util.concurrent.ThreadPoolExecutor@dbd2e7[Running, pool size = 0, active threads = 0, queued tasks = 0, completed tasks = 0]
02.07.2023 17:18:22.808 [ActiveMQ Task-1] DEBUG o.a.a.t.t.TcpTransport - Closed socket Socket[addr=b-3f65b423-30df-457d-94a6-8f8ffad7bf4b-1.mq.eu-central-1.amazonaws.com/3.78.234.120,port=61617,localport=57370]
02.07.2023 17:18:22.808 [Thread-2] DEBUG o.a.a.u.ThreadPoolUtils - Forcing shutdown of ExecutorService: java.util.concurrent.ThreadPoolExecutor@dbd2e7[Running, pool size = 1, active threads = 1, queued tasks = 0, completed tasks = 0]
02.07.2023 17:18:23.596 [main] DEBUG c.t.FileProcessing - messages in valid.csv: 33
02.07.2023 17:18:23.607 [main] DEBUG c.t.FileProcessing - messages in error.csv: 971
02.07.2023 17:18:23.608 [main] DEBUG com.thirdTask.App - Finish
02.07.2023 17:19:05.270 [main] INFO  c.thirdTask.Consumer - Received 300 messages
02.07.2023 17:19:05.613 [main] DEBUG c.t.FileProcessing - Properties were loaded
02.07.2023 17:19:05.622 [main] DEBUG c.t.FileProcessing - messages in test.txt: 1
02.07.2023 17:19:05.626 [main] INFO  c.t.FileProcessing - File someFile.csv created
02.07.2023 17:19:05.630 [main] DEBUG c.t.FileProcessing - Properties were loaded
02.07.2023 17:19:05.639 [main] DEBUG c.t.FileProcessing - Properties were loaded
02.07.2023 17:19:05.690 [main] DEBUG org.jboss.logging - Logging Provider: org.jboss.logging.Slf4jLoggerProvider
02.07.2023 17:19:05.691 [main] INFO  o.h.v.i.util.Version - HV000001: Hibernate Validator 8.0.0.Final
02.07.2023 17:24:12.020 [main] DEBUG com.thirdTask.App - Start
02.07.2023 17:24:12.029 [main] INFO  c.t.FileProcessing - File valid.csv created
02.07.2023 17:24:12.033 [main] INFO  c.t.FileProcessing - File error.csv created
02.07.2023 17:24:12.035 [main] DEBUG c.t.FileProcessing - Properties were loaded
02.07.2023 17:24:12.036 [main] DEBUG c.t.FileProcessing - Properties were loaded
02.07.2023 17:24:12.231 [main] DEBUG o.a.a.u.ThreadPoolUtils - Shutdown of ExecutorService: java.util.concurrent.ThreadPoolExecutor@1be2019a[Terminated, pool size = 0, active threads = 0, queued tasks = 0, completed tasks = 0] is shutdown: true and terminated: true took: 0.000 seconds.
02.07.2023 17:24:12.232 [main] DEBUG o.a.a.t.t.TcpTransport - Stopping transport tcp://127.0.0.1:61616
02.07.2023 17:24:12.235 [main] DEBUG o.a.a.t.TaskRunnerFactory - Initialized TaskRunnerFactory[ActiveMQ Task] using ExecutorService: java.util.concurrent.ThreadPoolExecutor@5c7bfdc1[Running, pool size = 0, active threads = 0, queued tasks = 0, completed tasks = 0]
02.07.2023 17:24:12.236 [ActiveMQ Task-1] DEBUG o.a.a.t.t.TcpTransport - Closed socket Socket[unconnected]
02.07.2023 17:24:12.237 [main] DEBUG o.a.a.u.ThreadPoolUtils - Forcing shutdown of ExecutorService: java.util.concurrent.ThreadPoolExecutor@5c7bfdc1[Running, pool size = 1, active threads = 0, queued tasks = 0, completed tasks = 1]
02.07.2023 17:24:12.238 [main] ERROR c.thirdTask.Producer - JMSException occurred in class com.thirdTask.Producer
javax.jms.JMSException: Could not connect to broker URL: tcp://127.0.0.1:61616. Reason: java.net.ConnectException: Connection refused: connect
	at org.apache.activemq.util.JMSExceptionSupport.create(JMSExceptionSupport.java:35)
	at org.apache.activemq.ActiveMQConnectionFactory.createActiveMQConnection(ActiveMQConnectionFactory.java:293)
	at org.apache.activemq.ActiveMQConnectionFactory.createActiveMQConnection(ActiveMQConnectionFactory.java:238)
	at org.apache.activemq.ActiveMQConnectionFactory.createConnection(ActiveMQConnectionFactory.java:184)
	at com.thirdTask.Producer.createProducerAndSendMessage(Producer.java:39)
	at com.thirdTask.Producer.run(Producer.java:23)
	at com.thirdTask.App.main(App.java:25)
Caused by: java.net.ConnectException: Connection refused: connect
	at java.base/java.net.PlainSocketImpl.waitForConnect(Native Method)
	at java.base/java.net.PlainSocketImpl.socketConnect(PlainSocketImpl.java:107)
	at java.base/java.net.AbstractPlainSocketImpl.doConnect(AbstractPlainSocketImpl.java:412)
	at java.base/java.net.AbstractPlainSocketImpl.connectToAddress(AbstractPlainSocketImpl.java:255)
	at java.base/java.net.AbstractPlainSocketImpl.connect(AbstractPlainSocketImpl.java:237)
	at java.base/java.net.SocksSocketImpl.connect(SocksSocketImpl.java:392)
	at java.base/java.net.Socket.connect(Socket.java:609)
	at org.apache.activemq.transport.tcp.TcpTransport.connect(TcpTransport.java:504)
	at org.apache.activemq.transport.tcp.TcpTransport.doStart(TcpTransport.java:467)
	at org.apache.activemq.util.ServiceSupport.start(ServiceSupport.java:55)
	at org.apache.activemq.transport.AbstractInactivityMonitor.start(AbstractInactivityMonitor.java:132)
	at org.apache.activemq.transport.TransportFilter.start(TransportFilter.java:58)
	at org.apache.activemq.transport.WireFormatNegotiator.start(WireFormatNegotiator.java:72)
	at org.apache.activemq.transport.TransportFilter.start(TransportFilter.java:58)
	at org.apache.activemq.transport.TransportFilter.start(TransportFilter.java:58)
	at org.apache.activemq.ActiveMQConnectionFactory.createActiveMQConnection(ActiveMQConnectionFactory.java:273)
	... 5 common frames omitted
02.07.2023 17:24:12.242 [Thread-0] DEBUG c.t.FileProcessing - Properties were loaded
02.07.2023 17:24:12.248 [Thread-0] DEBUG o.a.a.u.ThreadPoolUtils - Shutdown of ExecutorService: java.util.concurrent.ThreadPoolExecutor@3edcc4a6[Terminated, pool size = 0, active threads = 0, queued tasks = 0, completed tasks = 0] is shutdown: true and terminated: true took: 0.000 seconds.
02.07.2023 17:24:12.248 [Thread-0] DEBUG o.a.a.t.t.TcpTransport - Stopping transport tcp://127.0.0.1:61616
02.07.2023 17:24:12.248 [Thread-0] DEBUG o.a.a.t.TaskRunnerFactory - Initialized TaskRunnerFactory[ActiveMQ Task] using ExecutorService: java.util.concurrent.ThreadPoolExecutor@301b3d0d[Running, pool size = 0, active threads = 0, queued tasks = 0, completed tasks = 0]
02.07.2023 17:24:12.249 [ActiveMQ Task-1] DEBUG o.a.a.t.t.TcpTransport - Closed socket Socket[unconnected]
02.07.2023 17:24:12.249 [Thread-0] DEBUG o.a.a.u.ThreadPoolUtils - Forcing shutdown of ExecutorService: java.util.concurrent.ThreadPoolExecutor@301b3d0d[Running, pool size = 1, active threads = 0, queued tasks = 0, completed tasks = 1]
02.07.2023 17:24:12.249 [Thread-0] ERROR c.thirdTask.Consumer - JMSException occurred in class com.thirdTask.Consumer
javax.jms.JMSException: Could not connect to broker URL: tcp://127.0.0.1:61616. Reason: java.net.ConnectException: Connection refused: connect
	at org.apache.activemq.util.JMSExceptionSupport.create(JMSExceptionSupport.java:35)
	at org.apache.activemq.ActiveMQConnectionFactory.createActiveMQConnection(ActiveMQConnectionFactory.java:293)
	at org.apache.activemq.ActiveMQConnectionFactory.createActiveMQConnection(ActiveMQConnectionFactory.java:238)
	at org.apache.activemq.ActiveMQConnectionFactory.createConnection(ActiveMQConnectionFactory.java:184)
	at com.thirdTask.Consumer.createConsumerAndReceiveMessages(Consumer.java:42)
	at com.thirdTask.Consumer.run(Consumer.java:28)
	at java.base/java.lang.Thread.run(Thread.java:829)
Caused by: java.net.ConnectException: Connection refused: connect
	at java.base/java.net.PlainSocketImpl.waitForConnect(Native Method)
	at java.base/java.net.PlainSocketImpl.socketConnect(PlainSocketImpl.java:107)
	at java.base/java.net.AbstractPlainSocketImpl.doConnect(AbstractPlainSocketImpl.java:412)
	at java.base/java.net.AbstractPlainSocketImpl.connectToAddress(AbstractPlainSocketImpl.java:255)
	at java.base/java.net.AbstractPlainSocketImpl.connect(AbstractPlainSocketImpl.java:237)
	at java.base/java.net.SocksSocketImpl.connect(SocksSocketImpl.java:392)
	at java.base/java.net.Socket.connect(Socket.java:609)
	at org.apache.activemq.transport.tcp.TcpTransport.connect(TcpTransport.java:504)
	at org.apache.activemq.transport.tcp.TcpTransport.doStart(TcpTransport.java:467)
	at org.apache.activemq.util.ServiceSupport.start(ServiceSupport.java:55)
	at org.apache.activemq.transport.AbstractInactivityMonitor.start(AbstractInactivityMonitor.java:132)
	at org.apache.activemq.transport.TransportFilter.start(TransportFilter.java:58)
	at org.apache.activemq.transport.WireFormatNegotiator.start(WireFormatNegotiator.java:72)
	at org.apache.activemq.transport.TransportFilter.start(TransportFilter.java:58)
	at org.apache.activemq.transport.TransportFilter.start(TransportFilter.java:58)
	at org.apache.activemq.ActiveMQConnectionFactory.createActiveMQConnection(ActiveMQConnectionFactory.java:273)
	... 5 common frames omitted
02.07.2023 17:24:13.255 [main] DEBUG c.t.FileProcessing - messages in valid.csv: 0
02.07.2023 17:24:13.257 [main] DEBUG c.t.FileProcessing - messages in error.csv: 0
02.07.2023 17:24:13.257 [main] DEBUG com.thirdTask.App - Finish
02.07.2023 17:24:18.877 [main] DEBUG c.t.FileProcessing - Properties were loaded
02.07.2023 17:24:20.154 [main] DEBUG c.t.FileProcessing - messages in test.txt: 1
02.07.2023 17:24:20.166 [main] INFO  c.t.FileProcessing - File someFile.csv created
02.07.2023 17:25:36.343 [main] DEBUG c.t.FileProcessing - Properties were loaded
02.07.2023 17:25:37.651 [main] DEBUG c.t.FileProcessing - messages in test.txt: 1
02.07.2023 17:25:37.664 [main] INFO  c.t.FileProcessing - File someFile.csv created
02.07.2023 17:38:16.649 [main] DEBUG c.t.FileProcessing - Properties were loaded
02.07.2023 17:38:18.047 [main] DEBUG org.jboss.logging - Logging Provider: org.jboss.logging.Slf4jLoggerProvider
02.07.2023 17:38:18.049 [main] INFO  o.h.v.i.util.Version - HV000001: Hibernate Validator 8.0.0.Final
02.07.2023 17:38:18.353 [main] DEBUG c.t.FileProcessing - messages in test.txt: 1
02.07.2023 17:38:18.357 [main] INFO  c.t.FileProcessing - File someFile.csv created
02.07.2023 17:39:03.509 [main] DEBUG c.t.FileProcessing - Properties were loaded
02.07.2023 17:39:04.901 [main] DEBUG org.jboss.logging - Logging Provider: org.jboss.logging.Slf4jLoggerProvider
02.07.2023 17:39:04.903 [main] INFO  o.h.v.i.util.Version - HV000001: Hibernate Validator 8.0.0.Final
02.07.2023 17:39:05.208 [main] DEBUG c.t.FileProcessing - messages in test.txt: 1
02.07.2023 17:39:05.212 [main] INFO  c.t.FileProcessing - File someFile.csv created
02.07.2023 17:40:19.216 [main] DEBUG c.t.FileProcessing - Properties were loaded
02.07.2023 17:40:20.607 [main] DEBUG org.jboss.logging - Logging Provider: org.jboss.logging.Slf4jLoggerProvider
02.07.2023 17:40:20.609 [main] INFO  o.h.v.i.util.Version - HV000001: Hibernate Validator 8.0.0.Final
02.07.2023 17:40:20.915 [main] DEBUG c.t.FileProcessing - messages in test.txt: 1
02.07.2023 17:40:20.919 [main] INFO  c.t.FileProcessing - File someFile.csv created
02.07.2023 17:40:42.559 [main] DEBUG c.t.FileProcessing - Properties were loaded
02.07.2023 17:40:43.907 [main] DEBUG c.t.FileProcessing - messages in test.txt: 1
02.07.2023 17:40:43.921 [main] INFO  c.t.FileProcessing - File someFile.csv created
02.07.2023 17:41:02.058 [main] DEBUG c.t.FileProcessing - Properties were loaded
02.07.2023 17:41:03.436 [main] DEBUG c.t.FileProcessing - messages in test.txt: 1
02.07.2023 17:41:03.448 [main] INFO  c.t.FileProcessing - File someFile.csv created
02.07.2023 17:42:35.465 [main] DEBUG c.t.FileProcessing - Properties were loaded
02.07.2023 17:42:36.778 [main] DEBUG c.t.FileProcessing - messages in test.txt: 1
02.07.2023 17:42:36.789 [main] INFO  c.t.FileProcessing - File someFile.csv created
02.07.2023 17:43:22.849 [main] DEBUG c.t.FileProcessing - Properties were loaded
02.07.2023 17:43:24.360 [main] DEBUG c.t.FileProcessing - messages in test.txt: 1
02.07.2023 17:43:24.370 [main] INFO  c.t.FileProcessing - File someFile.csv created
02.07.2023 17:45:01.575 [main] DEBUG c.t.FileProcessing - Properties were loaded
02.07.2023 17:45:02.994 [main] DEBUG c.t.FileProcessing - messages in test.txt: 1
02.07.2023 17:45:03.009 [main] INFO  c.t.FileProcessing - File someFile.csv created
02.07.2023 17:45:20.041 [main] DEBUG c.t.FileProcessing - Properties were loaded
02.07.2023 17:45:21.432 [main] DEBUG c.t.FileProcessing - messages in test.txt: 1
02.07.2023 17:45:21.443 [main] INFO  c.t.FileProcessing - File someFile.csv created
02.07.2023 17:46:03.432 [main] DEBUG c.t.FileProcessing - Properties were loaded
02.07.2023 17:46:04.892 [main] DEBUG c.t.FileProcessing - messages in test.txt: 1
02.07.2023 17:46:04.903 [main] INFO  c.t.FileProcessing - File someFile.csv created
02.07.2023 17:46:20.629 [main] INFO  c.thirdTask.Consumer - Received 300 messages
02.07.2023 17:46:20.909 [main] DEBUG c.t.FileProcessing - Properties were loaded
02.07.2023 17:46:21.001 [main] DEBUG c.t.FileProcessing - messages in test.txt: 1
02.07.2023 17:46:21.008 [main] INFO  c.t.FileProcessing - File someFile.csv created
02.07.2023 17:46:21.012 [main] DEBUG c.t.FileProcessing - Properties were loaded
02.07.2023 17:46:21.019 [main] DEBUG c.t.FileProcessing - Properties were loaded
02.07.2023 17:46:21.063 [main] DEBUG org.jboss.logging - Logging Provider: org.jboss.logging.Slf4jLoggerProvider
02.07.2023 17:46:21.064 [main] INFO  o.h.v.i.util.Version - HV000001: Hibernate Validator 8.0.0.Final
02.07.2023 17:48:00.934 [main] INFO  c.thirdTask.Consumer - Received 300 messages
02.07.2023 17:48:01.434 [main] DEBUG c.t.FileProcessing - Properties were loaded
02.07.2023 17:48:01.597 [main] DEBUG c.t.FileProcessing - messages in test.txt: 1
02.07.2023 17:48:01.609 [main] INFO  c.t.FileProcessing - File someFile.csv created
02.07.2023 17:48:01.615 [main] DEBUG c.t.FileProcessing - Properties were loaded
02.07.2023 17:48:01.627 [main] DEBUG c.t.FileProcessing - Properties were loaded
02.07.2023 17:48:01.708 [main] DEBUG org.jboss.logging - Logging Provider: org.jboss.logging.Slf4jLoggerProvider
02.07.2023 17:48:01.708 [main] INFO  o.h.v.i.util.Version - HV000001: Hibernate Validator 8.0.0.Final
02.07.2023 17:48:34.919 [main] INFO  c.thirdTask.Consumer - Received 300 messages
02.07.2023 17:48:35.358 [main] DEBUG c.t.FileProcessing - Properties were loaded
02.07.2023 17:48:35.503 [main] DEBUG c.t.FileProcessing - messages in test.txt: 1
02.07.2023 17:48:35.511 [main] INFO  c.t.FileProcessing - File someFile.csv created
02.07.2023 17:48:35.517 [main] DEBUG c.t.FileProcessing - Properties were loaded
02.07.2023 17:48:35.530 [main] DEBUG c.t.FileProcessing - Properties were loaded
02.07.2023 17:48:35.620 [main] DEBUG org.jboss.logging - Logging Provider: org.jboss.logging.Slf4jLoggerProvider
02.07.2023 17:48:35.621 [main] INFO  o.h.v.i.util.Version - HV000001: Hibernate Validator 8.0.0.Final
02.07.2023 17:51:29.751 [main] INFO  c.thirdTask.Consumer - Received 300 messages
02.07.2023 17:51:30.039 [main] DEBUG c.t.FileProcessing - Properties were loaded
02.07.2023 17:51:30.136 [main] DEBUG c.t.FileProcessing - messages in test.txt: 1
02.07.2023 17:51:30.145 [main] INFO  c.t.FileProcessing - File someFile.csv created
02.07.2023 17:51:30.150 [main] DEBUG c.t.FileProcessing - Properties were loaded
02.07.2023 17:51:30.160 [main] DEBUG c.t.FileProcessing - Properties were loaded
02.07.2023 17:51:30.221 [main] DEBUG org.jboss.logging - Logging Provider: org.jboss.logging.Slf4jLoggerProvider
02.07.2023 17:51:30.221 [main] INFO  o.h.v.i.util.Version - HV000001: Hibernate Validator 8.0.0.Final
02.07.2023 17:52:46.648 [main] DEBUG c.t.FileProcessing - Properties were loaded
02.07.2023 17:54:18.485 [main] DEBUG c.t.FileProcessing - Properties were loaded
02.07.2023 17:54:38.693 [main] DEBUG c.t.FileProcessing - Properties were loaded
02.07.2023 17:54:50.576 [main] DEBUG c.t.FileProcessing - Properties were loaded
02.07.2023 17:58:46.117 [main] DEBUG c.t.FileProcessing - Properties were loaded
02.07.2023 17:58:46.145 [main] DEBUG c.t.FileProcessing - Properties were loaded
02.07.2023 18:03:40.808 [main] DEBUG c.t.FileProcessing - Properties were loaded
02.07.2023 18:03:42.085 [main] DEBUG c.t.FileProcessing - Properties were loaded
02.07.2023 18:06:17.953 [main] DEBUG c.t.FileProcessing - Properties were loaded
02.07.2023 18:06:19.257 [main] DEBUG c.t.FileProcessing - Properties were loaded
02.07.2023 18:07:48.049 [main] DEBUG c.t.FileProcessing - Properties were loaded
02.07.2023 18:07:49.310 [main] DEBUG c.t.FileProcessing - Properties were loaded
02.07.2023 18:08:25.727 [main] DEBUG c.t.FileProcessing - Properties were loaded
02.07.2023 18:08:26.883 [main] DEBUG c.t.FileProcessing - Properties were loaded
02.07.2023 18:08:26.932 [main] ERROR c.t.DataProcessing - Output format must be more than 1000
02.07.2023 18:09:06.451 [main] DEBUG c.t.FileProcessing - Properties were loaded
02.07.2023 18:09:07.635 [main] DEBUG c.t.FileProcessing - Properties were loaded
02.07.2023 18:09:07.717 [main] DEBUG c.t.FileProcessing - Properties were loaded
02.07.2023 18:09:24.600 [main] DEBUG c.t.FileProcessing - Properties were loaded
02.07.2023 18:09:25.834 [main] DEBUG c.t.FileProcessing - Properties were loaded
02.07.2023 18:09:25.919 [main] DEBUG c.t.FileProcessing - Properties were loaded
02.07.2023 18:10:13.657 [main] DEBUG c.t.FileProcessing - Properties were loaded
02.07.2023 18:10:48.483 [main] DEBUG c.t.FileProcessing - Properties were loaded
02.07.2023 18:10:49.695 [main] DEBUG c.t.FileProcessing - Properties were loaded
02.07.2023 18:10:49.779 [main] DEBUG c.t.FileProcessing - Properties were loaded
02.07.2023 18:10:57.171 [main] DEBUG c.t.FileProcessing - Properties were loaded
02.07.2023 18:10:58.372 [main] DEBUG c.t.FileProcessing - Properties were loaded
02.07.2023 18:10:58.451 [main] DEBUG c.t.FileProcessing - Properties were loaded
02.07.2023 18:11:56.931 [main] DEBUG c.t.FileProcessing - Properties were loaded
02.07.2023 18:11:58.135 [main] DEBUG c.t.FileProcessing - Properties were loaded
02.07.2023 18:11:58.215 [main] DEBUG c.t.FileProcessing - Properties were loaded
02.07.2023 18:12:23.112 [main] DEBUG c.t.FileProcessing - Properties were loaded
02.07.2023 18:12:24.307 [main] DEBUG c.t.FileProcessing - Properties were loaded
02.07.2023 18:12:24.381 [main] DEBUG c.t.FileProcessing - Properties were loaded
02.07.2023 18:15:29.847 [main] DEBUG c.t.FileProcessing - Properties were loaded
02.07.2023 18:15:30.991 [main] DEBUG c.t.FileProcessing - Properties were loaded
02.07.2023 18:15:31.073 [main] DEBUG c.t.FileProcessing - Properties were loaded
02.07.2023 18:15:31.121 [main] ERROR c.t.DataProcessing - Output format must be more than 1000
02.07.2023 18:16:03.999 [main] DEBUG c.t.FileProcessing - Properties were loaded
02.07.2023 18:16:05.166 [main] DEBUG c.t.FileProcessing - Properties were loaded
02.07.2023 18:16:05.467 [main] DEBUG c.t.FileProcessing - Properties were loaded
02.07.2023 18:16:05.519 [main] ERROR c.t.DataProcessing - Output format must be more than 1000
02.07.2023 18:18:19.326 [main] INFO  c.thirdTask.Consumer - Received 300 messages
02.07.2023 18:18:19.626 [main] DEBUG c.t.FileProcessing - Properties were loaded
02.07.2023 18:18:19.723 [main] DEBUG c.t.FileProcessing - messages in test.txt: 1
02.07.2023 18:18:19.729 [main] INFO  c.t.FileProcessing - File someFile.csv created
02.07.2023 18:18:19.732 [main] DEBUG c.t.FileProcessing - Properties were loaded
02.07.2023 18:18:19.741 [main] DEBUG c.t.FileProcessing - Properties were loaded
02.07.2023 18:18:19.755 [main] DEBUG c.t.FileProcessing - Properties were loaded
02.07.2023 18:18:20.046 [main] DEBUG org.jboss.logging - Logging Provider: org.jboss.logging.Slf4jLoggerProvider
02.07.2023 18:18:20.046 [main] INFO  o.h.v.i.util.Version - HV000001: Hibernate Validator 8.0.0.Final
02.07.2023 18:23:37.709 [main] INFO  c.thirdTask.Consumer - Received 300 messages
02.07.2023 18:23:37.998 [main] DEBUG c.t.FileProcessing - Properties were loaded
02.07.2023 18:23:38.077 [main] DEBUG c.t.FileProcessing - messages in test.txt: 1
02.07.2023 18:23:38.085 [main] INFO  c.t.FileProcessing - File someFile.csv created
02.07.2023 18:23:38.089 [main] DEBUG c.t.FileProcessing - Properties were loaded
02.07.2023 18:23:38.098 [main] DEBUG c.t.FileProcessing - Properties were loaded
02.07.2023 18:23:38.114 [main] DEBUG c.t.FileProcessing - Properties were loaded
02.07.2023 18:23:38.381 [main] DEBUG org.jboss.logging - Logging Provider: org.jboss.logging.Slf4jLoggerProvider
02.07.2023 18:23:38.382 [main] INFO  o.h.v.i.util.Version - HV000001: Hibernate Validator 8.0.0.Final
02.07.2023 18:26:15.887 [main] INFO  c.thirdTask.Consumer - Received 300 messages
02.07.2023 18:26:16.163 [main] DEBUG c.t.FileProcessing - Properties were loaded
02.07.2023 18:26:16.250 [main] DEBUG c.t.FileProcessing - messages in test.txt: 1
02.07.2023 18:26:16.255 [main] INFO  c.t.FileProcessing - File someFile.csv created
02.07.2023 18:26:16.259 [main] DEBUG c.t.FileProcessing - Properties were loaded
02.07.2023 18:26:16.270 [main] DEBUG c.t.FileProcessing - Properties were loaded
02.07.2023 18:26:16.288 [main] DEBUG c.t.FileProcessing - Properties were loaded
02.07.2023 18:26:16.594 [main] DEBUG org.jboss.logging - Logging Provider: org.jboss.logging.Slf4jLoggerProvider
02.07.2023 18:26:16.595 [main] INFO  o.h.v.i.util.Version - HV000001: Hibernate Validator 8.0.0.Final
02.07.2023 18:27:46.207 [main] INFO  c.thirdTask.Consumer - Received 300 messages
02.07.2023 18:27:46.483 [main] DEBUG c.t.FileProcessing - Properties were loaded
02.07.2023 18:27:46.561 [main] DEBUG c.t.FileProcessing - messages in test.txt: 1
02.07.2023 18:27:46.570 [main] INFO  c.t.FileProcessing - File someFile.csv created
02.07.2023 18:27:46.574 [main] DEBUG c.t.FileProcessing - Properties were loaded
02.07.2023 18:27:46.584 [main] DEBUG c.t.FileProcessing - Properties were loaded
02.07.2023 18:27:46.600 [main] DEBUG c.t.FileProcessing - Properties were loaded
02.07.2023 18:27:46.882 [main] DEBUG org.jboss.logging - Logging Provider: org.jboss.logging.Slf4jLoggerProvider
02.07.2023 18:27:46.883 [main] INFO  o.h.v.i.util.Version - HV000001: Hibernate Validator 8.0.0.Final
02.07.2023 18:33:20.753 [main] INFO  c.thirdTask.Consumer - Received 300 messages
02.07.2023 18:33:21.037 [main] DEBUG c.t.FileProcessing - Properties were loaded
02.07.2023 18:33:21.118 [main] DEBUG c.t.FileProcessing - messages in test.txt: 1
02.07.2023 18:33:21.122 [main] INFO  c.t.FileProcessing - File someFile.csv created
02.07.2023 18:33:21.126 [main] DEBUG c.t.FileProcessing - Properties were loaded
02.07.2023 18:33:21.133 [main] DEBUG c.t.FileProcessing - Properties were loaded
02.07.2023 18:33:21.149 [main] DEBUG c.t.FileProcessing - Properties were loaded
02.07.2023 18:33:21.467 [main] DEBUG org.jboss.logging - Logging Provider: org.jboss.logging.Slf4jLoggerProvider
02.07.2023 18:33:21.468 [main] INFO  o.h.v.i.util.Version - HV000001: Hibernate Validator 8.0.0.Final
02.07.2023 18:33:56.483 [main] DEBUG org.jboss.logging - Logging Provider: org.jboss.logging.Slf4jLoggerProvider
02.07.2023 18:33:56.489 [main] INFO  o.h.v.i.util.Version - HV000001: Hibernate Validator 8.0.0.Final
02.07.2023 18:34:11.159 [main] DEBUG org.jboss.logging - Logging Provider: org.jboss.logging.Slf4jLoggerProvider
02.07.2023 18:34:11.164 [main] INFO  o.h.v.i.util.Version - HV000001: Hibernate Validator 8.0.0.Final
02.07.2023 18:35:09.220 [main] DEBUG org.jboss.logging - Logging Provider: org.jboss.logging.Slf4jLoggerProvider
02.07.2023 18:35:09.226 [main] INFO  o.h.v.i.util.Version - HV000001: Hibernate Validator 8.0.0.Final
02.07.2023 18:35:27.621 [main] INFO  c.thirdTask.Consumer - Received 300 messages
02.07.2023 18:35:27.898 [main] DEBUG c.t.FileProcessing - Properties were loaded
02.07.2023 18:35:27.990 [main] DEBUG c.t.FileProcessing - messages in test.txt: 1
02.07.2023 18:35:27.995 [main] INFO  c.t.FileProcessing - File someFile.csv created
02.07.2023 18:35:28.000 [main] DEBUG c.t.FileProcessing - Properties were loaded
02.07.2023 18:35:28.007 [main] DEBUG c.t.FileProcessing - Properties were loaded
02.07.2023 18:35:28.020 [main] DEBUG c.t.FileProcessing - Properties were loaded
02.07.2023 18:35:28.306 [main] DEBUG org.jboss.logging - Logging Provider: org.jboss.logging.Slf4jLoggerProvider
02.07.2023 18:35:28.307 [main] INFO  o.h.v.i.util.Version - HV000001: Hibernate Validator 8.0.0.Final
02.07.2023 18:35:46.973 [main] DEBUG com.thirdTask.App - Start
02.07.2023 18:35:46.982 [main] INFO  c.t.FileProcessing - File valid.csv created
02.07.2023 18:35:46.984 [main] INFO  c.t.FileProcessing - File error.csv created
02.07.2023 18:35:46.986 [main] DEBUG c.t.FileProcessing - Properties were loaded
02.07.2023 18:35:46.987 [main] DEBUG c.t.FileProcessing - Properties were loaded
02.07.2023 18:35:47.179 [main] DEBUG o.a.a.u.ThreadPoolUtils - Shutdown of ExecutorService: java.util.concurrent.ThreadPoolExecutor@1be2019a[Terminated, pool size = 0, active threads = 0, queued tasks = 0, completed tasks = 0] is shutdown: true and terminated: true took: 0.000 seconds.
02.07.2023 18:35:47.180 [main] DEBUG o.a.a.t.t.TcpTransport - Stopping transport tcp://127.0.0.1:61616
02.07.2023 18:35:47.182 [main] DEBUG o.a.a.t.TaskRunnerFactory - Initialized TaskRunnerFactory[ActiveMQ Task] using ExecutorService: java.util.concurrent.ThreadPoolExecutor@5c7bfdc1[Running, pool size = 0, active threads = 0, queued tasks = 0, completed tasks = 0]
02.07.2023 18:35:47.183 [ActiveMQ Task-1] DEBUG o.a.a.t.t.TcpTransport - Closed socket Socket[unconnected]
02.07.2023 18:35:47.184 [main] DEBUG o.a.a.u.ThreadPoolUtils - Forcing shutdown of ExecutorService: java.util.concurrent.ThreadPoolExecutor@5c7bfdc1[Running, pool size = 1, active threads = 0, queued tasks = 0, completed tasks = 1]
02.07.2023 18:35:47.185 [main] ERROR c.thirdTask.Producer - JMSException occurred in class com.thirdTask.Producer
javax.jms.JMSException: Could not connect to broker URL: tcp://127.0.0.1:61616. Reason: java.net.ConnectException: Connection refused: connect
	at org.apache.activemq.util.JMSExceptionSupport.create(JMSExceptionSupport.java:35)
	at org.apache.activemq.ActiveMQConnectionFactory.createActiveMQConnection(ActiveMQConnectionFactory.java:293)
	at org.apache.activemq.ActiveMQConnectionFactory.createActiveMQConnection(ActiveMQConnectionFactory.java:238)
	at org.apache.activemq.ActiveMQConnectionFactory.createConnection(ActiveMQConnectionFactory.java:184)
	at com.thirdTask.Producer.createProducerAndSendMessage(Producer.java:39)
	at com.thirdTask.Producer.run(Producer.java:23)
	at com.thirdTask.App.main(App.java:25)
Caused by: java.net.ConnectException: Connection refused: connect
	at java.base/java.net.PlainSocketImpl.waitForConnect(Native Method)
	at java.base/java.net.PlainSocketImpl.socketConnect(PlainSocketImpl.java:107)
	at java.base/java.net.AbstractPlainSocketImpl.doConnect(AbstractPlainSocketImpl.java:412)
	at java.base/java.net.AbstractPlainSocketImpl.connectToAddress(AbstractPlainSocketImpl.java:255)
	at java.base/java.net.AbstractPlainSocketImpl.connect(AbstractPlainSocketImpl.java:237)
	at java.base/java.net.SocksSocketImpl.connect(SocksSocketImpl.java:392)
	at java.base/java.net.Socket.connect(Socket.java:609)
	at org.apache.activemq.transport.tcp.TcpTransport.connect(TcpTransport.java:504)
	at org.apache.activemq.transport.tcp.TcpTransport.doStart(TcpTransport.java:467)
	at org.apache.activemq.util.ServiceSupport.start(ServiceSupport.java:55)
	at org.apache.activemq.transport.AbstractInactivityMonitor.start(AbstractInactivityMonitor.java:132)
	at org.apache.activemq.transport.TransportFilter.start(TransportFilter.java:58)
	at org.apache.activemq.transport.WireFormatNegotiator.start(WireFormatNegotiator.java:72)
	at org.apache.activemq.transport.TransportFilter.start(TransportFilter.java:58)
	at org.apache.activemq.transport.TransportFilter.start(TransportFilter.java:58)
	at org.apache.activemq.ActiveMQConnectionFactory.createActiveMQConnection(ActiveMQConnectionFactory.java:273)
	... 5 common frames omitted
02.07.2023 18:35:47.188 [Thread-0] DEBUG c.t.FileProcessing - Properties were loaded
02.07.2023 18:35:47.194 [Thread-0] DEBUG o.a.a.u.ThreadPoolUtils - Shutdown of ExecutorService: java.util.concurrent.ThreadPoolExecutor@3809e1c0[Terminated, pool size = 0, active threads = 0, queued tasks = 0, completed tasks = 0] is shutdown: true and terminated: true took: 0.000 seconds.
02.07.2023 18:35:47.194 [Thread-0] DEBUG o.a.a.t.t.TcpTransport - Stopping transport tcp://127.0.0.1:61616
02.07.2023 18:35:47.194 [Thread-0] DEBUG o.a.a.t.TaskRunnerFactory - Initialized TaskRunnerFactory[ActiveMQ Task] using ExecutorService: java.util.concurrent.ThreadPoolExecutor@36ce18b1[Running, pool size = 0, active threads = 0, queued tasks = 0, completed tasks = 0]
02.07.2023 18:35:47.195 [ActiveMQ Task-1] DEBUG o.a.a.t.t.TcpTransport - Closed socket Socket[unconnected]
02.07.2023 18:35:47.195 [Thread-0] DEBUG o.a.a.u.ThreadPoolUtils - Forcing shutdown of ExecutorService: java.util.concurrent.ThreadPoolExecutor@36ce18b1[Running, pool size = 1, active threads = 0, queued tasks = 0, completed tasks = 1]
02.07.2023 18:35:47.195 [Thread-0] ERROR c.thirdTask.Consumer - JMSException occurred in class com.thirdTask.Consumer
javax.jms.JMSException: Could not connect to broker URL: tcp://127.0.0.1:61616. Reason: java.net.ConnectException: Connection refused: connect
	at org.apache.activemq.util.JMSExceptionSupport.create(JMSExceptionSupport.java:35)
	at org.apache.activemq.ActiveMQConnectionFactory.createActiveMQConnection(ActiveMQConnectionFactory.java:293)
	at org.apache.activemq.ActiveMQConnectionFactory.createActiveMQConnection(ActiveMQConnectionFactory.java:238)
	at org.apache.activemq.ActiveMQConnectionFactory.createConnection(ActiveMQConnectionFactory.java:184)
	at com.thirdTask.Consumer.createConsumerAndReceiveMessages(Consumer.java:42)
	at com.thirdTask.Consumer.run(Consumer.java:28)
	at java.base/java.lang.Thread.run(Thread.java:829)
Caused by: java.net.ConnectException: Connection refused: connect
	at java.base/java.net.PlainSocketImpl.waitForConnect(Native Method)
	at java.base/java.net.PlainSocketImpl.socketConnect(PlainSocketImpl.java:107)
	at java.base/java.net.AbstractPlainSocketImpl.doConnect(AbstractPlainSocketImpl.java:412)
	at java.base/java.net.AbstractPlainSocketImpl.connectToAddress(AbstractPlainSocketImpl.java:255)
	at java.base/java.net.AbstractPlainSocketImpl.connect(AbstractPlainSocketImpl.java:237)
	at java.base/java.net.SocksSocketImpl.connect(SocksSocketImpl.java:392)
	at java.base/java.net.Socket.connect(Socket.java:609)
	at org.apache.activemq.transport.tcp.TcpTransport.connect(TcpTransport.java:504)
	at org.apache.activemq.transport.tcp.TcpTransport.doStart(TcpTransport.java:467)
	at org.apache.activemq.util.ServiceSupport.start(ServiceSupport.java:55)
	at org.apache.activemq.transport.AbstractInactivityMonitor.start(AbstractInactivityMonitor.java:132)
	at org.apache.activemq.transport.TransportFilter.start(TransportFilter.java:58)
	at org.apache.activemq.transport.WireFormatNegotiator.start(WireFormatNegotiator.java:72)
	at org.apache.activemq.transport.TransportFilter.start(TransportFilter.java:58)
	at org.apache.activemq.transport.TransportFilter.start(TransportFilter.java:58)
	at org.apache.activemq.ActiveMQConnectionFactory.createActiveMQConnection(ActiveMQConnectionFactory.java:273)
	... 5 common frames omitted
02.07.2023 18:35:48.209 [main] DEBUG c.t.FileProcessing - messages in valid.csv: 0
02.07.2023 18:35:48.217 [main] DEBUG c.t.FileProcessing - messages in error.csv: 0
02.07.2023 18:35:48.217 [main] DEBUG com.thirdTask.App - Finish
02.07.2023 18:36:04.890 [main] INFO  c.thirdTask.Consumer - Received 300 messages
02.07.2023 18:36:05.072 [main] DEBUG org.jboss.logging - Logging Provider: org.jboss.logging.Slf4jLoggerProvider
02.07.2023 18:36:05.073 [main] INFO  o.h.v.i.util.Version - HV000001: Hibernate Validator 8.0.0.Final
02.07.2023 18:36:06.729 [main] DEBUG c.t.FileProcessing - Properties were loaded
02.07.2023 18:36:06.954 [main] DEBUG c.t.FileProcessing - messages in test.txt: 1
02.07.2023 18:36:06.965 [main] INFO  c.t.FileProcessing - File someFile.csv created
02.07.2023 18:36:06.980 [main] DEBUG c.t.FileProcessing - Properties were loaded
02.07.2023 18:36:07.000 [main] DEBUG c.t.FileProcessing - Properties were loaded
02.07.2023 18:36:07.023 [main] DEBUG c.t.FileProcessing - Properties were loaded
02.07.2023 18:36:19.054 [main] DEBUG com.thirdTask.App - Start
02.07.2023 18:36:19.122 [main] INFO  c.t.FileProcessing - File valid.csv created
02.07.2023 18:36:19.125 [main] INFO  c.t.FileProcessing - File error.csv created
02.07.2023 18:36:19.140 [main] DEBUG c.t.FileProcessing - Properties were loaded
02.07.2023 18:36:19.141 [main] DEBUG c.t.FileProcessing - Properties were loaded
02.07.2023 18:36:19.354 [main] DEBUG o.a.a.t.WireFormatNegotiator - Sending: WireFormatInfo { version=9, properties={TcpNoDelayEnabled=true, SizePrefixDisabled=false, CacheSize=1024, StackTraceEnabled=true, CacheEnabled=true, TightEncodingEnabled=true, MaxFrameSize=9223372036854775807, MaxInactivityDuration=30000, MaxInactivityDurationInitalDelay=10000}, magic=[A,c,t,i,v,e,M,Q]}
02.07.2023 18:36:19.420 [ActiveMQ Transport: tcp:///127.0.0.1:61616@58234] DEBUG o.a.a.t.InactivityMonitor - Using min of local: WireFormatInfo { version=9, properties={TcpNoDelayEnabled=true, SizePrefixDisabled=false, CacheSize=1024, StackTraceEnabled=true, CacheEnabled=true, TightEncodingEnabled=true, MaxFrameSize=9223372036854775807, MaxInactivityDuration=30000, MaxInactivityDurationInitalDelay=10000}, magic=[A,c,t,i,v,e,M,Q]} and remote: WireFormatInfo { version=12, properties={StackTraceEnabled=true, PlatformDetails=Java, CacheEnabled=true, TcpNoDelayEnabled=true, SizePrefixDisabled=false, CacheSize=1024, ProviderName=ActiveMQ, TightEncodingEnabled=true, MaxFrameSize=104857600, MaxInactivityDuration=30000, MaxInactivityDurationInitalDelay=10000, MaxFrameSizeEnabled=true, ProviderVersion=5.18.1}, magic=[A,c,t,i,v,e,M,Q]}
02.07.2023 18:36:19.423 [ActiveMQ Transport: tcp:///127.0.0.1:61616@58234] DEBUG o.a.a.t.WireFormatNegotiator - Received WireFormat: WireFormatInfo { version=12, properties={StackTraceEnabled=true, PlatformDetails=Java, CacheEnabled=true, TcpNoDelayEnabled=true, SizePrefixDisabled=false, CacheSize=1024, ProviderName=ActiveMQ, TightEncodingEnabled=true, MaxFrameSize=104857600, MaxInactivityDuration=30000, MaxInactivityDurationInitalDelay=10000, MaxFrameSizeEnabled=true, ProviderVersion=5.18.1}, magic=[A,c,t,i,v,e,M,Q]}
02.07.2023 18:36:19.424 [ActiveMQ Transport: tcp:///127.0.0.1:61616@58234] DEBUG o.a.a.t.WireFormatNegotiator - tcp:///127.0.0.1:61616@58234 before negotiation: OpenWireFormat{version=9, cacheEnabled=false, stackTraceEnabled=false, tightEncodingEnabled=false, sizePrefixDisabled=false, maxFrameSize=9223372036854775807}
02.07.2023 18:36:19.425 [ActiveMQ Transport: tcp:///127.0.0.1:61616@58234] DEBUG o.a.a.t.WireFormatNegotiator - tcp:///127.0.0.1:61616@58234 after negotiation: OpenWireFormat{version=9, cacheEnabled=true, stackTraceEnabled=true, tightEncodingEnabled=true, sizePrefixDisabled=false, maxFrameSize=104857600}
02.07.2023 18:36:19.532 [main] DEBUG c.thirdTask.Producer - Connection started
02.07.2023 18:36:19.561 [main] DEBUG c.thirdTask.Producer - Queue was created
02.07.2023 18:36:19.807 [main] DEBUG c.thirdTask.Producer - PoisonPill is 10
02.07.2023 18:36:19.808 [main] DEBUG c.thirdTask.Producer - Time start 18:36:19.808892
02.07.2023 18:36:19.808 [main] DEBUG c.thirdTask.Producer - Estimated time end 18:36:29.807894400 
02.07.2023 18:36:20.066 [main] INFO  c.thirdTask.Producer - PoisonPill has been sent
02.07.2023 18:36:20.066 [main] INFO  c.thirdTask.Producer - Messages sent at 18:36:20.066240500, for 258 milliseconds
02.07.2023 18:36:20.066 [main] DEBUG c.thirdTask.Producer - Sent 1003 messages
02.07.2023 18:36:20.080 [main] DEBUG o.a.a.u.ThreadPoolUtils - Shutdown of ExecutorService: java.util.concurrent.ThreadPoolExecutor@56ccd751[Terminated, pool size = 0, active threads = 0, queued tasks = 0, completed tasks = 0] is shutdown: true and terminated: true took: 0.000 seconds.
02.07.2023 18:36:20.081 [main] DEBUG o.a.a.u.ThreadPoolUtils - Shutdown of ExecutorService: java.util.concurrent.ThreadPoolExecutor@458544e0[Terminated, pool size = 0, active threads = 0, queued tasks = 0, completed tasks = 0] is shutdown: true and terminated: true took: 0.000 seconds.
02.07.2023 18:36:20.082 [main] DEBUG o.a.a.t.t.TcpTransport - Stopping transport tcp:///127.0.0.1:61616@58234
02.07.2023 18:36:20.086 [main] DEBUG o.a.a.t.TaskRunnerFactory - Initialized TaskRunnerFactory[ActiveMQ Task] using ExecutorService: java.util.concurrent.ThreadPoolExecutor@f9b5552[Running, pool size = 0, active threads = 0, queued tasks = 0, completed tasks = 0]
02.07.2023 18:36:20.091 [ActiveMQ Task-1] DEBUG o.a.a.t.t.TcpTransport - Closed socket Socket[addr=/127.0.0.1,port=61616,localport=58234]
02.07.2023 18:36:20.092 [main] DEBUG o.a.a.u.ThreadPoolUtils - Forcing shutdown of ExecutorService: java.util.concurrent.ThreadPoolExecutor@f9b5552[Running, pool size = 1, active threads = 0, queued tasks = 0, completed tasks = 1]
02.07.2023 18:36:20.093 [main] INFO  c.thirdTask.Producer - Connection closed
02.07.2023 18:36:20.097 [Thread-2] DEBUG c.t.FileProcessing - Properties were loaded
02.07.2023 18:36:20.099 [Thread-2] DEBUG o.a.a.t.WireFormatNegotiator - Sending: WireFormatInfo { version=9, properties={TcpNoDelayEnabled=true, SizePrefixDisabled=false, CacheSize=1024, StackTraceEnabled=true, CacheEnabled=true, TightEncodingEnabled=true, MaxFrameSize=9223372036854775807, MaxInactivityDuration=30000, MaxInactivityDurationInitalDelay=10000}, magic=[A,c,t,i,v,e,M,Q]}
02.07.2023 18:36:20.104 [ActiveMQ Transport: tcp:///127.0.0.1:61616@58235] DEBUG o.a.a.t.InactivityMonitor - Using min of local: WireFormatInfo { version=9, properties={TcpNoDelayEnabled=true, SizePrefixDisabled=false, CacheSize=1024, StackTraceEnabled=true, CacheEnabled=true, TightEncodingEnabled=true, MaxFrameSize=9223372036854775807, MaxInactivityDuration=30000, MaxInactivityDurationInitalDelay=10000}, magic=[A,c,t,i,v,e,M,Q]} and remote: WireFormatInfo { version=12, properties={StackTraceEnabled=true, PlatformDetails=Java, CacheEnabled=true, TcpNoDelayEnabled=true, SizePrefixDisabled=false, CacheSize=1024, ProviderName=ActiveMQ, TightEncodingEnabled=true, MaxFrameSize=104857600, MaxInactivityDuration=30000, MaxInactivityDurationInitalDelay=10000, MaxFrameSizeEnabled=true, ProviderVersion=5.18.1}, magic=[A,c,t,i,v,e,M,Q]}
02.07.2023 18:36:20.105 [ActiveMQ Transport: tcp:///127.0.0.1:61616@58235] DEBUG o.a.a.t.WireFormatNegotiator - Received WireFormat: WireFormatInfo { version=12, properties={StackTraceEnabled=true, PlatformDetails=Java, CacheEnabled=true, TcpNoDelayEnabled=true, SizePrefixDisabled=false, CacheSize=1024, ProviderName=ActiveMQ, TightEncodingEnabled=true, MaxFrameSize=104857600, MaxInactivityDuration=30000, MaxInactivityDurationInitalDelay=10000, MaxFrameSizeEnabled=true, ProviderVersion=5.18.1}, magic=[A,c,t,i,v,e,M,Q]}
02.07.2023 18:36:20.105 [ActiveMQ Transport: tcp:///127.0.0.1:61616@58235] DEBUG o.a.a.t.WireFormatNegotiator - tcp:///127.0.0.1:61616@58235 before negotiation: OpenWireFormat{version=9, cacheEnabled=false, stackTraceEnabled=false, tightEncodingEnabled=false, sizePrefixDisabled=false, maxFrameSize=9223372036854775807}
02.07.2023 18:36:20.106 [ActiveMQ Transport: tcp:///127.0.0.1:61616@58235] DEBUG o.a.a.t.WireFormatNegotiator - tcp:///127.0.0.1:61616@58235 after negotiation: OpenWireFormat{version=9, cacheEnabled=true, stackTraceEnabled=true, tightEncodingEnabled=true, sizePrefixDisabled=false, maxFrameSize=104857600}
02.07.2023 18:36:20.134 [Thread-2] DEBUG o.a.a.t.TaskRunnerFactory - Initialized TaskRunnerFactory[ActiveMQ Session Task] using ExecutorService: java.util.concurrent.ThreadPoolExecutor@28a9e27b[Running, pool size = 0, active threads = 0, queued tasks = 0, completed tasks = 0]
02.07.2023 18:36:20.430 [Thread-2] INFO  c.thirdTask.Consumer - PoisonPill received
02.07.2023 18:36:20.430 [Thread-2] INFO  c.thirdTask.Consumer - Received 1003 messages
02.07.2023 18:36:20.431 [Thread-2] INFO  c.thirdTask.Consumer - Speed, messages in second 3434.931506849315
02.07.2023 18:36:20.434 [Thread-2] DEBUG o.a.a.ActiveMQMessageConsumer - remove: ID:DESKTOP-GT5B82O-58233-1688315779247-3:1:1:1, lastDeliveredSequenceId:1007
02.07.2023 18:36:20.438 [Thread-2] DEBUG o.a.a.u.ThreadPoolUtils - Shutdown of ExecutorService: java.util.concurrent.ThreadPoolExecutor@28a9e27b[Shutting down, pool size = 2, active threads = 0, queued tasks = 0, completed tasks = 533] is shutdown: true and terminated: false took: 0.000 seconds.
02.07.2023 18:36:20.439 [Thread-2] DEBUG o.a.a.u.ThreadPoolUtils - Shutdown of ExecutorService: java.util.concurrent.ThreadPoolExecutor@2b1b10d8[Terminated, pool size = 0, active threads = 0, queued tasks = 0, completed tasks = 0] is shutdown: true and terminated: true took: 0.000 seconds.
02.07.2023 18:36:20.440 [Thread-2] DEBUG o.a.a.u.ThreadPoolUtils - Shutdown of ExecutorService: java.util.concurrent.ThreadPoolExecutor@395fd84f[Terminated, pool size = 0, active threads = 0, queued tasks = 0, completed tasks = 0] is shutdown: true and terminated: true took: 0.000 seconds.
02.07.2023 18:36:20.440 [Thread-2] DEBUG o.a.a.t.t.TcpTransport - Stopping transport tcp:///127.0.0.1:61616@58235
02.07.2023 18:36:20.440 [Thread-2] DEBUG o.a.a.t.TaskRunnerFactory - Initialized TaskRunnerFactory[ActiveMQ Task] using ExecutorService: java.util.concurrent.ThreadPoolExecutor@35c916d2[Running, pool size = 0, active threads = 0, queued tasks = 0, completed tasks = 0]
02.07.2023 18:36:20.442 [ActiveMQ Task-1] DEBUG o.a.a.t.t.TcpTransport - Closed socket Socket[addr=/127.0.0.1,port=61616,localport=58235]
02.07.2023 18:36:20.443 [Thread-2] DEBUG o.a.a.u.ThreadPoolUtils - Forcing shutdown of ExecutorService: java.util.concurrent.ThreadPoolExecutor@35c916d2[Running, pool size = 1, active threads = 0, queued tasks = 0, completed tasks = 1]
02.07.2023 18:36:21.165 [Thread-3] DEBUG org.jboss.logging - Logging Provider: org.jboss.logging.Slf4jLoggerProvider
02.07.2023 18:36:21.166 [Thread-3] INFO  o.h.v.i.util.Version - HV000001: Hibernate Validator 8.0.0.Final
02.07.2023 18:36:22.188 [main] DEBUG c.t.FileProcessing - messages in valid.csv: 34
02.07.2023 18:36:22.205 [main] DEBUG c.t.FileProcessing - messages in error.csv: 970
02.07.2023 18:36:22.206 [main] DEBUG com.thirdTask.App - Finish
02.07.2023 18:39:46.443 [main] DEBUG com.thirdTask.App - Start
02.07.2023 18:39:46.458 [main] INFO  c.t.FileProcessing - File valid.csv created
02.07.2023 18:39:46.460 [main] INFO  c.t.FileProcessing - File error.csv created
02.07.2023 18:39:46.462 [main] DEBUG c.t.FileProcessing - Properties were loaded
02.07.2023 18:39:46.463 [main] DEBUG c.t.FileProcessing - Properties were loaded
02.07.2023 18:39:46.658 [main] DEBUG o.a.a.t.WireFormatNegotiator - Sending: WireFormatInfo { version=9, properties={TcpNoDelayEnabled=true, SizePrefixDisabled=false, CacheSize=1024, StackTraceEnabled=true, CacheEnabled=true, TightEncodingEnabled=true, MaxFrameSize=9223372036854775807, MaxInactivityDuration=30000, MaxInactivityDurationInitalDelay=10000}, magic=[A,c,t,i,v,e,M,Q]}
02.07.2023 18:39:46.661 [ActiveMQ Transport: tcp:///127.0.0.1:61616@58261] DEBUG o.a.a.t.InactivityMonitor - Using min of local: WireFormatInfo { version=9, properties={TcpNoDelayEnabled=true, SizePrefixDisabled=false, CacheSize=1024, StackTraceEnabled=true, CacheEnabled=true, TightEncodingEnabled=true, MaxFrameSize=9223372036854775807, MaxInactivityDuration=30000, MaxInactivityDurationInitalDelay=10000}, magic=[A,c,t,i,v,e,M,Q]} and remote: WireFormatInfo { version=12, properties={StackTraceEnabled=true, PlatformDetails=Java, CacheEnabled=true, TcpNoDelayEnabled=true, SizePrefixDisabled=false, CacheSize=1024, ProviderName=ActiveMQ, TightEncodingEnabled=true, MaxFrameSize=104857600, MaxInactivityDuration=30000, MaxInactivityDurationInitalDelay=10000, MaxFrameSizeEnabled=true, ProviderVersion=5.18.1}, magic=[A,c,t,i,v,e,M,Q]}
02.07.2023 18:39:46.663 [ActiveMQ Transport: tcp:///127.0.0.1:61616@58261] DEBUG o.a.a.t.WireFormatNegotiator - Received WireFormat: WireFormatInfo { version=12, properties={StackTraceEnabled=true, PlatformDetails=Java, CacheEnabled=true, TcpNoDelayEnabled=true, SizePrefixDisabled=false, CacheSize=1024, ProviderName=ActiveMQ, TightEncodingEnabled=true, MaxFrameSize=104857600, MaxInactivityDuration=30000, MaxInactivityDurationInitalDelay=10000, MaxFrameSizeEnabled=true, ProviderVersion=5.18.1}, magic=[A,c,t,i,v,e,M,Q]}
02.07.2023 18:39:46.664 [ActiveMQ Transport: tcp:///127.0.0.1:61616@58261] DEBUG o.a.a.t.WireFormatNegotiator - tcp:///127.0.0.1:61616@58261 before negotiation: OpenWireFormat{version=9, cacheEnabled=false, stackTraceEnabled=false, tightEncodingEnabled=false, sizePrefixDisabled=false, maxFrameSize=9223372036854775807}
02.07.2023 18:39:46.665 [ActiveMQ Transport: tcp:///127.0.0.1:61616@58261] DEBUG o.a.a.t.WireFormatNegotiator - tcp:///127.0.0.1:61616@58261 after negotiation: OpenWireFormat{version=9, cacheEnabled=true, stackTraceEnabled=true, tightEncodingEnabled=true, sizePrefixDisabled=false, maxFrameSize=104857600}
02.07.2023 18:39:46.674 [main] DEBUG c.thirdTask.Producer - Connection started
02.07.2023 18:39:46.696 [main] DEBUG c.thirdTask.Producer - Queue was created
02.07.2023 18:39:46.812 [main] DEBUG c.thirdTask.Producer - PoisonPill is 10
02.07.2023 18:39:46.813 [main] DEBUG c.thirdTask.Producer - Time start 18:39:46.813050600
02.07.2023 18:39:46.813 [main] DEBUG c.thirdTask.Producer - Estimated time end 18:39:56.813050600 
02.07.2023 18:39:46.980 [main] INFO  c.thirdTask.Producer - PoisonPill has been sent
02.07.2023 18:39:46.980 [main] INFO  c.thirdTask.Producer - Messages sent at 18:39:46.980140300, for 167 milliseconds
02.07.2023 18:39:46.981 [main] DEBUG c.thirdTask.Producer - Sent 1003 messages
02.07.2023 18:39:46.985 [main] DEBUG o.a.a.u.ThreadPoolUtils - Shutdown of ExecutorService: java.util.concurrent.ThreadPoolExecutor@458544e0[Terminated, pool size = 0, active threads = 0, queued tasks = 0, completed tasks = 0] is shutdown: true and terminated: true took: 0.000 seconds.
02.07.2023 18:39:46.985 [ActiveMQ Transport: tcp:///127.0.0.1:61616@58261] DEBUG o.a.a.u.ThreadPoolUtils - Shutdown of ExecutorService: java.util.concurrent.ThreadPoolExecutor@14da8b38[Terminated, pool size = 0, active threads = 0, queued tasks = 0, completed tasks = 0] is shutdown: true and terminated: true took: 0.000 seconds.
02.07.2023 18:39:46.987 [main] DEBUG o.a.a.t.t.TcpTransport - Stopping transport tcp:///127.0.0.1:61616@58261
02.07.2023 18:39:46.988 [main] DEBUG o.a.a.t.TaskRunnerFactory - Initialized TaskRunnerFactory[ActiveMQ Task] using ExecutorService: java.util.concurrent.ThreadPoolExecutor@f9b5552[Running, pool size = 0, active threads = 0, queued tasks = 0, completed tasks = 0]
02.07.2023 18:39:46.989 [ActiveMQ Task-1] DEBUG o.a.a.t.t.TcpTransport - Closed socket Socket[addr=/127.0.0.1,port=61616,localport=58261]
02.07.2023 18:39:46.990 [main] DEBUG o.a.a.u.ThreadPoolUtils - Forcing shutdown of ExecutorService: java.util.concurrent.ThreadPoolExecutor@f9b5552[Running, pool size = 1, active threads = 0, queued tasks = 0, completed tasks = 1]
02.07.2023 18:39:46.990 [main] INFO  c.thirdTask.Producer - Connection closed
02.07.2023 18:39:46.991 [Thread-2] DEBUG c.t.FileProcessing - Properties were loaded
02.07.2023 18:39:46.992 [Thread-2] DEBUG o.a.a.t.WireFormatNegotiator - Sending: WireFormatInfo { version=9, properties={TcpNoDelayEnabled=true, SizePrefixDisabled=false, CacheSize=1024, StackTraceEnabled=true, CacheEnabled=true, TightEncodingEnabled=true, MaxFrameSize=9223372036854775807, MaxInactivityDuration=30000, MaxInactivityDurationInitalDelay=10000}, magic=[A,c,t,i,v,e,M,Q]}
02.07.2023 18:39:46.994 [ActiveMQ Transport: tcp:///127.0.0.1:61616@58262] DEBUG o.a.a.t.InactivityMonitor - Using min of local: WireFormatInfo { version=9, properties={TcpNoDelayEnabled=true, SizePrefixDisabled=false, CacheSize=1024, StackTraceEnabled=true, CacheEnabled=true, TightEncodingEnabled=true, MaxFrameSize=9223372036854775807, MaxInactivityDuration=30000, MaxInactivityDurationInitalDelay=10000}, magic=[A,c,t,i,v,e,M,Q]} and remote: WireFormatInfo { version=12, properties={StackTraceEnabled=true, PlatformDetails=Java, CacheEnabled=true, TcpNoDelayEnabled=true, SizePrefixDisabled=false, CacheSize=1024, ProviderName=ActiveMQ, TightEncodingEnabled=true, MaxFrameSize=104857600, MaxInactivityDuration=30000, MaxInactivityDurationInitalDelay=10000, MaxFrameSizeEnabled=true, ProviderVersion=5.18.1}, magic=[A,c,t,i,v,e,M,Q]}
02.07.2023 18:39:46.995 [ActiveMQ Transport: tcp:///127.0.0.1:61616@58262] DEBUG o.a.a.t.WireFormatNegotiator - Received WireFormat: WireFormatInfo { version=12, properties={StackTraceEnabled=true, PlatformDetails=Java, CacheEnabled=true, TcpNoDelayEnabled=true, SizePrefixDisabled=false, CacheSize=1024, ProviderName=ActiveMQ, TightEncodingEnabled=true, MaxFrameSize=104857600, MaxInactivityDuration=30000, MaxInactivityDurationInitalDelay=10000, MaxFrameSizeEnabled=true, ProviderVersion=5.18.1}, magic=[A,c,t,i,v,e,M,Q]}
02.07.2023 18:39:46.995 [ActiveMQ Transport: tcp:///127.0.0.1:61616@58262] DEBUG o.a.a.t.WireFormatNegotiator - tcp:///127.0.0.1:61616@58262 before negotiation: OpenWireFormat{version=9, cacheEnabled=false, stackTraceEnabled=false, tightEncodingEnabled=false, sizePrefixDisabled=false, maxFrameSize=9223372036854775807}
02.07.2023 18:39:46.996 [ActiveMQ Transport: tcp:///127.0.0.1:61616@58262] DEBUG o.a.a.t.WireFormatNegotiator - tcp:///127.0.0.1:61616@58262 after negotiation: OpenWireFormat{version=9, cacheEnabled=true, stackTraceEnabled=true, tightEncodingEnabled=true, sizePrefixDisabled=false, maxFrameSize=104857600}
02.07.2023 18:39:47.004 [Thread-2] DEBUG o.a.a.t.TaskRunnerFactory - Initialized TaskRunnerFactory[ActiveMQ Session Task] using ExecutorService: java.util.concurrent.ThreadPoolExecutor@c8f241e[Running, pool size = 0, active threads = 0, queued tasks = 0, completed tasks = 0]
02.07.2023 18:39:47.128 [Thread-2] INFO  c.thirdTask.Consumer - PoisonPill received
02.07.2023 18:39:47.128 [Thread-2] INFO  c.thirdTask.Consumer - Received 1003 messages
02.07.2023 18:39:47.128 [Thread-2] INFO  c.thirdTask.Consumer - Speed, messages in second 8221.311475409837
02.07.2023 18:39:47.130 [Thread-2] DEBUG o.a.a.ActiveMQMessageConsumer - remove: ID:DESKTOP-GT5B82O-58260-1688315986538-3:1:1:1, lastDeliveredSequenceId:2018
02.07.2023 18:39:47.132 [Thread-2] DEBUG o.a.a.u.ThreadPoolUtils - Shutdown of ExecutorService: java.util.concurrent.ThreadPoolExecutor@c8f241e[Terminated, pool size = 0, active threads = 0, queued tasks = 0, completed tasks = 45] is shutdown: true and terminated: false took: 0.000 seconds.
02.07.2023 18:39:47.133 [Thread-2] DEBUG o.a.a.u.ThreadPoolUtils - Shutdown of ExecutorService: java.util.concurrent.ThreadPoolExecutor@aae2ecb[Terminated, pool size = 0, active threads = 0, queued tasks = 0, completed tasks = 0] is shutdown: true and terminated: true took: 0.000 seconds.
02.07.2023 18:39:47.133 [Thread-2] DEBUG o.a.a.u.ThreadPoolUtils - Shutdown of ExecutorService: java.util.concurrent.ThreadPoolExecutor@5f1f8573[Terminated, pool size = 0, active threads = 0, queued tasks = 0, completed tasks = 0] is shutdown: true and terminated: true took: 0.000 seconds.
02.07.2023 18:39:47.133 [Thread-2] DEBUG o.a.a.t.t.TcpTransport - Stopping transport tcp:///127.0.0.1:61616@58262
02.07.2023 18:39:47.133 [Thread-2] DEBUG o.a.a.t.TaskRunnerFactory - Initialized TaskRunnerFactory[ActiveMQ Task] using ExecutorService: java.util.concurrent.ThreadPoolExecutor@5ab142bf[Running, pool size = 0, active threads = 0, queued tasks = 0, completed tasks = 0]
02.07.2023 18:39:47.135 [ActiveMQ Task-1] DEBUG o.a.a.t.t.TcpTransport - Closed socket Socket[addr=/127.0.0.1,port=61616,localport=58262]
02.07.2023 18:39:47.136 [Thread-2] DEBUG o.a.a.u.ThreadPoolUtils - Forcing shutdown of ExecutorService: java.util.concurrent.ThreadPoolExecutor@5ab142bf[Running, pool size = 1, active threads = 0, queued tasks = 0, completed tasks = 1]
02.07.2023 18:39:48.069 [Thread-3] DEBUG org.jboss.logging - Logging Provider: org.jboss.logging.Slf4jLoggerProvider
02.07.2023 18:39:48.070 [Thread-3] INFO  o.h.v.i.util.Version - HV000001: Hibernate Validator 8.0.0.Final
02.07.2023 18:39:48.986 [main] DEBUG c.t.FileProcessing - messages in valid.csv: 19
02.07.2023 18:39:49.000 [main] DEBUG c.t.FileProcessing - messages in error.csv: 983
02.07.2023 18:39:49.000 [main] DEBUG com.thirdTask.App - Finish
