19.06.2023 20:41:20.012 [main] DEBUG com.thirdTask.App - Start
19.06.2023 20:41:20.041 [main] DEBUG c.t.FileProcessing - Properties were loaded
19.06.2023 20:41:20.042 [main] INFO  com.thirdTask.App - "in resourses"
19.06.2023 20:41:20.073 [main] DEBUG com.thirdTask.App - Finish
19.06.2023 20:57:17.237 [main] DEBUG com.thirdTask.App - Start
19.06.2023 20:57:17.244 [main] ERROR c.t.FileProcessing - Properties out jar were not loaded 
19.06.2023 20:57:17.247 [main] INFO  com.thirdTask.App - null
19.06.2023 20:57:17.249 [main] DEBUG c.t.FileProcessing - Properties were loaded
19.06.2023 20:57:17.259 [main] DEBUG c.t.FileProcessing - Properties were loaded
19.06.2023 20:57:17.262 [main] DEBUG c.t.FileProcessing - Properties were loaded
19.06.2023 20:57:17.265 [main] DEBUG c.t.FileProcessing - Properties were loaded
19.06.2023 20:57:17.278 [main] DEBUG c.t.FileProcessing - Properties were loaded
19.06.2023 20:57:17.279 [main] DEBUG c.t.FileProcessing - Properties were loaded
19.06.2023 20:57:17.279 [main] DEBUG c.t.FileProcessing - Properties were loaded
19.06.2023 20:57:17.280 [main] DEBUG c.t.FileProcessing - Properties were loaded
19.06.2023 20:57:17.281 [main] DEBUG c.t.FileProcessing - Properties were loaded
19.06.2023 20:57:17.282 [main] DEBUG c.t.FileProcessing - Properties were loaded
19.06.2023 20:57:17.283 [main] DEBUG c.t.FileProcessing - Properties were loaded
19.06.2023 20:57:17.284 [main] DEBUG c.t.FileProcessing - Properties were loaded
19.06.2023 20:57:17.285 [main] DEBUG c.t.FileProcessing - Properties were loaded
19.06.2023 20:57:17.286 [main] DEBUG c.t.FileProcessing - Properties were loaded
19.06.2023 20:57:17.287 [main] DEBUG c.t.FileProcessing - Properties were loaded
19.06.2023 20:57:17.288 [main] DEBUG c.t.FileProcessing - Properties were loaded
19.06.2023 20:57:17.289 [main] DEBUG c.t.FileProcessing - Properties were loaded
19.06.2023 20:57:17.291 [main] DEBUG c.t.FileProcessing - Properties were loaded
19.06.2023 20:57:17.291 [main] DEBUG c.t.FileProcessing - Properties were loaded
19.06.2023 20:57:17.292 [main] DEBUG c.t.FileProcessing - Properties were loaded
19.06.2023 20:57:17.293 [main] DEBUG c.t.FileProcessing - Properties were loaded
19.06.2023 20:57:17.295 [main] DEBUG c.t.FileProcessing - Properties were loaded
19.06.2023 20:57:17.296 [main] DEBUG c.t.FileProcessing - Properties were loaded
19.06.2023 20:57:17.297 [main] DEBUG c.t.FileProcessing - Properties were loaded
19.06.2023 20:57:17.298 [main] DEBUG c.t.FileProcessing - Properties were loaded
19.06.2023 20:57:17.299 [main] DEBUG c.t.FileProcessing - Properties were loaded
19.06.2023 20:57:17.300 [main] DEBUG c.t.FileProcessing - Properties were loaded
19.06.2023 20:57:17.301 [main] DEBUG c.t.FileProcessing - Properties were loaded
19.06.2023 20:57:17.302 [main] DEBUG c.t.FileProcessing - Properties were loaded
19.06.2023 20:57:17.303 [main] DEBUG c.t.FileProcessing - Properties were loaded
19.06.2023 20:57:17.304 [main] DEBUG c.t.FileProcessing - Properties were loaded
19.06.2023 20:57:17.305 [main] DEBUG c.t.FileProcessing - Properties were loaded
19.06.2023 20:57:17.306 [main] DEBUG c.t.FileProcessing - Properties were loaded
19.06.2023 20:57:17.306 [main] DEBUG c.t.FileProcessing - Properties were loaded
19.06.2023 20:57:17.307 [main] DEBUG c.t.FileProcessing - Properties were loaded
19.06.2023 20:57:17.308 [main] DEBUG c.t.FileProcessing - Properties were loaded
19.06.2023 20:57:17.308 [main] DEBUG c.t.FileProcessing - Properties were loaded
19.06.2023 21:00:18.817 [main] DEBUG com.thirdTask.App - Start
19.06.2023 21:00:18.826 [main] DEBUG c.t.FileProcessing - Properties were loaded
19.06.2023 21:00:18.827 [main] DEBUG c.t.FileProcessing - Properties were loaded
19.06.2023 21:00:18.828 [main] DEBUG c.t.FileProcessing - Properties were loaded
19.06.2023 21:00:18.830 [main] INFO  com.thirdTask.App - "14"
19.06.2023 21:00:18.832 [main] DEBUG c.t.FileProcessing - Properties were loaded
19.06.2023 21:01:17.863 [main] DEBUG com.thirdTask.App - Start
19.06.2023 21:01:17.868 [main] DEBUG c.t.FileProcessing - Properties were loaded
19.06.2023 21:01:17.869 [main] DEBUG c.t.FileProcessing - Properties were loaded
19.06.2023 21:01:17.870 [main] DEBUG c.t.FileProcessing - Properties were loaded
19.06.2023 21:01:17.872 [main] INFO  com.thirdTask.App - 14
19.06.2023 21:01:17.874 [main] DEBUG c.t.FileProcessing - Properties were loaded
19.06.2023 21:01:17.884 [main] DEBUG c.t.FileProcessing - Properties were loaded
19.06.2023 21:01:17.886 [main] DEBUG c.t.FileProcessing - Properties were loaded
19.06.2023 21:01:17.887 [main] DEBUG c.t.FileProcessing - Properties were loaded
19.06.2023 21:01:17.899 [main] DEBUG c.t.FileProcessing - Properties were loaded
19.06.2023 21:01:17.900 [main] DEBUG c.t.FileProcessing - Properties were loaded
19.06.2023 21:01:17.901 [main] DEBUG c.t.FileProcessing - Properties were loaded
19.06.2023 21:01:17.902 [main] DEBUG c.t.FileProcessing - Properties were loaded
19.06.2023 21:01:17.903 [main] DEBUG c.t.FileProcessing - Properties were loaded
19.06.2023 21:01:17.904 [main] DEBUG c.t.FileProcessing - Properties were loaded
19.06.2023 21:01:17.904 [main] DEBUG c.t.FileProcessing - Properties were loaded
19.06.2023 21:01:17.905 [main] DEBUG c.t.FileProcessing - Properties were loaded
19.06.2023 21:01:17.906 [main] DEBUG c.t.FileProcessing - Properties were loaded
19.06.2023 21:01:17.907 [main] DEBUG c.t.FileProcessing - Properties were loaded
19.06.2023 21:01:17.909 [main] DEBUG c.t.FileProcessing - Properties were loaded
19.06.2023 21:01:17.909 [main] DEBUG c.t.FileProcessing - Properties were loaded
19.06.2023 21:01:17.910 [main] DEBUG c.t.FileProcessing - Properties were loaded
19.06.2023 21:01:17.911 [main] DEBUG c.t.FileProcessing - Properties were loaded
19.06.2023 21:01:17.912 [main] DEBUG c.t.FileProcessing - Properties were loaded
19.06.2023 21:01:17.912 [main] DEBUG c.t.FileProcessing - Properties were loaded
19.06.2023 21:01:17.913 [main] DEBUG c.t.FileProcessing - Properties were loaded
19.06.2023 21:01:17.914 [main] DEBUG c.t.FileProcessing - Properties were loaded
19.06.2023 21:01:17.915 [main] DEBUG c.t.FileProcessing - Properties were loaded
19.06.2023 21:01:17.915 [main] DEBUG c.t.FileProcessing - Properties were loaded
19.06.2023 21:01:17.916 [main] DEBUG c.t.FileProcessing - Properties were loaded
19.06.2023 21:05:14.948 [main] DEBUG com.thirdTask.App - Start
19.06.2023 21:05:14.955 [main] DEBUG c.t.FileProcessing - Properties were loaded
19.06.2023 21:05:14.956 [main] DEBUG c.t.FileProcessing - Properties were loaded
19.06.2023 21:05:14.957 [main] DEBUG c.t.FileProcessing - Properties were loaded
19.06.2023 21:05:14.960 [main] DEBUG c.t.FileProcessing - Properties were loaded
19.06.2023 21:05:14.961 [main] DEBUG c.t.FileProcessing - Properties were loaded
19.06.2023 21:05:14.961 [main] DEBUG c.t.FileProcessing - Properties were loaded
19.06.2023 21:05:14.962 [main] DEBUG c.t.FileProcessing - Properties were loaded
19.06.2023 21:05:14.963 [main] INFO  com.thirdTask.App - 14
19.06.2023 21:05:14.993 [main] DEBUG com.thirdTask.App - Finish
19.06.2023 21:06:59.760 [main] DEBUG com.thirdTask.App - Start
19.06.2023 21:06:59.765 [main] DEBUG c.t.FileProcessing - Properties were loaded
19.06.2023 21:06:59.766 [main] DEBUG c.t.FileProcessing - Properties were loaded
19.06.2023 21:06:59.767 [main] DEBUG c.t.FileProcessing - Properties were loaded
19.06.2023 21:06:59.770 [main] DEBUG c.t.FileProcessing - Properties were loaded
19.06.2023 21:06:59.770 [main] DEBUG c.t.FileProcessing - Properties were loaded
19.06.2023 21:06:59.772 [main] DEBUG c.t.FileProcessing - Properties were loaded
19.06.2023 21:06:59.773 [main] DEBUG c.t.FileProcessing - Properties were loaded
19.06.2023 21:06:59.773 [main] INFO  com.thirdTask.App - 14
19.06.2023 21:06:59.795 [main] DEBUG com.thirdTask.App - Finish
19.06.2023 21:07:56.839 [main] DEBUG com.thirdTask.App - Start
19.06.2023 21:07:56.849 [main] DEBUG c.t.FileProcessing - Properties were loaded
19.06.2023 21:07:56.850 [main] DEBUG c.t.FileProcessing - Properties were loaded
19.06.2023 21:07:56.851 [main] DEBUG c.t.FileProcessing - Properties were loaded
19.06.2023 21:07:56.854 [main] DEBUG c.t.FileProcessing - Properties were loaded
19.06.2023 21:07:56.855 [main] DEBUG c.t.FileProcessing - Properties were loaded
19.06.2023 21:07:56.856 [main] DEBUG c.t.FileProcessing - Properties were loaded
19.06.2023 21:07:56.857 [main] DEBUG c.t.FileProcessing - Properties were loaded
19.06.2023 21:07:56.857 [main] INFO  com.thirdTask.App - 14
19.06.2023 21:08:43.628 [main] DEBUG com.thirdTask.App - Start
19.06.2023 21:08:43.638 [main] DEBUG c.t.FileProcessing - Properties were loaded
19.06.2023 21:08:43.639 [main] DEBUG c.t.FileProcessing - Properties were loaded
19.06.2023 21:08:43.639 [main] DEBUG c.t.FileProcessing - Properties were loaded
19.06.2023 21:08:43.642 [main] DEBUG c.t.FileProcessing - Properties were loaded
19.06.2023 21:08:43.643 [main] DEBUG c.t.FileProcessing - Properties were loaded
19.06.2023 21:08:43.644 [main] DEBUG c.t.FileProcessing - Properties were loaded
19.06.2023 21:08:43.645 [main] DEBUG c.t.FileProcessing - Properties were loaded
19.06.2023 21:08:43.645 [main] INFO  com.thirdTask.App - 14
19.06.2023 21:09:44.817 [main] DEBUG com.thirdTask.App - Start
19.06.2023 21:09:44.823 [main] DEBUG c.t.FileProcessing - Properties were loaded
19.06.2023 21:09:44.824 [main] DEBUG c.t.FileProcessing - Properties were loaded
19.06.2023 21:09:44.825 [main] DEBUG c.t.FileProcessing - Properties were loaded
19.06.2023 21:09:44.828 [main] DEBUG c.t.FileProcessing - Properties were loaded
19.06.2023 21:09:44.829 [main] DEBUG c.t.FileProcessing - Properties were loaded
19.06.2023 21:09:44.830 [main] DEBUG c.t.FileProcessing - Properties were loaded
19.06.2023 21:09:44.831 [main] DEBUG c.t.FileProcessing - Properties were loaded
19.06.2023 21:09:44.831 [main] INFO  com.thirdTask.App - 14
19.06.2023 21:11:18.146 [main] DEBUG com.thirdTask.App - Start
19.06.2023 21:11:18.154 [main] DEBUG c.t.FileProcessing - Properties were loaded
19.06.2023 21:11:18.156 [main] DEBUG c.t.FileProcessing - Properties were loaded
19.06.2023 21:11:18.156 [main] DEBUG c.t.FileProcessing - Properties were loaded
19.06.2023 21:11:18.159 [main] DEBUG c.t.FileProcessing - Properties were loaded
19.06.2023 21:11:18.161 [main] DEBUG c.t.FileProcessing - Properties were loaded
19.06.2023 21:11:18.161 [main] DEBUG c.t.FileProcessing - Properties were loaded
19.06.2023 21:11:18.162 [main] DEBUG c.t.FileProcessing - Properties were loaded
19.06.2023 21:11:18.163 [main] DEBUG c.t.FileProcessing - Properties were loaded
19.06.2023 21:11:18.164 [main] INFO  com.thirdTask.App - 14
19.06.2023 21:12:28.167 [main] DEBUG com.thirdTask.App - Start
19.06.2023 21:12:28.174 [main] DEBUG c.t.FileProcessing - Properties were loaded
19.06.2023 21:12:28.175 [main] DEBUG c.t.FileProcessing - Properties were loaded
19.06.2023 21:12:28.176 [main] DEBUG c.t.FileProcessing - Properties were loaded
19.06.2023 21:12:28.178 [main] DEBUG c.t.FileProcessing - Properties were loaded
19.06.2023 21:12:28.180 [main] DEBUG c.t.FileProcessing - Properties were loaded
19.06.2023 21:12:28.181 [main] DEBUG c.t.FileProcessing - Properties were loaded
19.06.2023 21:12:28.181 [main] DEBUG c.t.FileProcessing - Properties were loaded
19.06.2023 21:12:28.182 [main] DEBUG c.t.FileProcessing - Properties were loaded
19.06.2023 21:12:28.182 [main] INFO  com.thirdTask.App - 14
19.06.2023 21:12:28.212 [main] DEBUG com.thirdTask.App - Finish
19.06.2023 21:28:34.906 [main] DEBUG com.thirdTask.App - Start
19.06.2023 21:28:34.915 [main] DEBUG c.t.FileProcessing - Properties were loaded
19.06.2023 21:28:34.917 [main] DEBUG c.t.FileProcessing - Properties were loaded
19.06.2023 21:28:34.918 [main] DEBUG c.t.FileProcessing - Properties were loaded
19.06.2023 21:28:34.919 [main] DEBUG c.t.FileProcessing - Properties were loaded
19.06.2023 21:28:34.920 [main] DEBUG c.t.FileProcessing - Properties were loaded
19.06.2023 21:28:34.951 [main] DEBUG com.thirdTask.App - Finish
19.06.2023 21:50:19.081 [main] DEBUG com.thirdTask.App - Start
19.06.2023 21:50:19.091 [main] DEBUG c.t.FileProcessing - Properties were loaded
19.06.2023 21:50:19.091 [main] DEBUG c.t.FileProcessing - Properties were loaded
19.06.2023 21:50:19.092 [main] DEBUG c.t.FileProcessing - Properties were loaded
19.06.2023 21:50:19.092 [main] DEBUG c.t.FileProcessing - Properties were loaded
19.06.2023 21:50:19.092 [main] DEBUG c.t.FileProcessing - Properties were loaded
19.06.2023 21:50:53.969 [main] DEBUG com.thirdTask.App - Start
19.06.2023 21:50:53.980 [main] DEBUG c.t.FileProcessing - Properties were loaded
19.06.2023 21:50:53.981 [main] DEBUG c.t.FileProcessing - Properties were loaded
19.06.2023 21:50:53.982 [main] DEBUG c.t.FileProcessing - Properties were loaded
19.06.2023 21:50:53.983 [main] DEBUG c.t.FileProcessing - Properties were loaded
19.06.2023 21:50:53.984 [main] DEBUG c.t.FileProcessing - Properties were loaded
19.06.2023 21:50:54.014 [main] DEBUG com.thirdTask.App - Finish
19.06.2023 21:54:07.589 [main] DEBUG com.thirdTask.App - Start
19.06.2023 21:54:07.596 [main] DEBUG c.t.FileProcessing - Properties were loaded
19.06.2023 21:54:07.597 [main] DEBUG c.t.FileProcessing - Properties were loaded
19.06.2023 21:54:07.597 [main] DEBUG c.t.FileProcessing - Properties were loaded
19.06.2023 21:54:07.599 [main] DEBUG c.t.FileProcessing - Properties were loaded
19.06.2023 21:54:07.600 [main] DEBUG c.t.FileProcessing - Properties were loaded
19.06.2023 21:54:21.313 [main] DEBUG com.thirdTask.App - Start
19.06.2023 21:54:21.320 [main] DEBUG c.t.FileProcessing - Properties were loaded
19.06.2023 21:54:21.321 [main] DEBUG c.t.FileProcessing - Properties were loaded
19.06.2023 21:54:21.322 [main] DEBUG c.t.FileProcessing - Properties were loaded
19.06.2023 21:54:21.322 [main] DEBUG c.t.FileProcessing - Properties were loaded
19.06.2023 21:54:21.324 [main] DEBUG c.t.FileProcessing - Properties were loaded
19.06.2023 21:55:22.657 [main] DEBUG com.thirdTask.App - Start
19.06.2023 21:55:22.665 [main] DEBUG c.t.FileProcessing - Properties were loaded
19.06.2023 21:55:22.667 [main] DEBUG c.t.FileProcessing - Properties were loaded
19.06.2023 21:55:22.668 [main] DEBUG c.t.FileProcessing - Properties were loaded
19.06.2023 21:55:22.669 [main] DEBUG c.t.FileProcessing - Properties were loaded
19.06.2023 21:55:22.670 [main] DEBUG c.t.FileProcessing - Properties were loaded
19.06.2023 21:56:07.019 [main] DEBUG com.thirdTask.App - Start
19.06.2023 21:56:07.028 [main] DEBUG c.t.FileProcessing - Properties were loaded
19.06.2023 21:56:07.029 [main] DEBUG c.t.FileProcessing - Properties were loaded
19.06.2023 21:56:07.030 [main] DEBUG c.t.FileProcessing - Properties were loaded
19.06.2023 21:56:07.031 [main] DEBUG c.t.FileProcessing - Properties were loaded
19.06.2023 21:56:07.031 [main] DEBUG c.t.FileProcessing - Properties were loaded
19.06.2023 21:56:07.090 [main] DEBUG com.thirdTask.App - Finish
19.06.2023 22:18:45.461 [main] DEBUG com.thirdTask.App - Start
19.06.2023 22:18:45.465 [main] DEBUG c.t.FileProcessing - Properties were loaded
19.06.2023 22:18:45.465 [main] DEBUG c.t.FileProcessing - Properties were loaded
19.06.2023 22:18:45.466 [main] DEBUG c.t.FileProcessing - Properties were loaded
19.06.2023 22:18:45.466 [main] DEBUG c.t.FileProcessing - Properties were loaded
19.06.2023 22:18:45.467 [main] DEBUG c.t.FileProcessing - Properties were loaded
19.06.2023 22:19:11.161 [main] DEBUG com.thirdTask.App - Start
19.06.2023 22:19:11.165 [main] DEBUG c.t.FileProcessing - Properties were loaded
19.06.2023 22:19:11.166 [main] DEBUG c.t.FileProcessing - Properties were loaded
19.06.2023 22:19:11.166 [main] DEBUG c.t.FileProcessing - Properties were loaded
19.06.2023 22:19:11.167 [main] DEBUG c.t.FileProcessing - Properties were loaded
19.06.2023 22:19:11.167 [main] DEBUG c.t.FileProcessing - Properties were loaded
19.06.2023 22:22:03.419 [main] DEBUG com.thirdTask.App - Start
19.06.2023 22:22:03.423 [main] DEBUG c.t.FileProcessing - Properties were loaded
19.06.2023 22:22:03.424 [main] DEBUG c.t.FileProcessing - Properties were loaded
19.06.2023 22:22:03.424 [main] DEBUG c.t.FileProcessing - Properties were loaded
19.06.2023 22:22:03.425 [main] DEBUG c.t.FileProcessing - Properties were loaded
19.06.2023 22:22:03.425 [main] DEBUG c.t.FileProcessing - Properties were loaded
19.06.2023 22:22:03.459 [main] DEBUG com.thirdTask.App - Finish
19.06.2023 22:28:21.653 [main] DEBUG com.thirdTask.App - Start
19.06.2023 22:28:21.657 [main] DEBUG c.t.FileProcessing - Properties were loaded
19.06.2023 22:28:21.658 [main] DEBUG c.t.FileProcessing - Properties were loaded
19.06.2023 22:28:21.658 [main] DEBUG c.t.FileProcessing - Properties were loaded
19.06.2023 22:28:21.659 [main] DEBUG c.t.FileProcessing - Properties were loaded
19.06.2023 22:28:21.659 [main] DEBUG c.t.FileProcessing - Properties were loaded
19.06.2023 22:29:40.634 [main] DEBUG com.thirdTask.App - Start
19.06.2023 22:29:40.639 [main] DEBUG c.t.FileProcessing - Properties were loaded
19.06.2023 22:29:40.640 [main] DEBUG c.t.FileProcessing - Properties were loaded
19.06.2023 22:29:40.640 [main] DEBUG c.t.FileProcessing - Properties were loaded
19.06.2023 22:29:40.641 [main] DEBUG c.t.FileProcessing - Properties were loaded
19.06.2023 22:29:40.641 [main] DEBUG c.t.FileProcessing - Properties were loaded
19.06.2023 22:29:40.672 [main] DEBUG com.thirdTask.App - Finish
19.06.2023 22:29:44.100 [main] DEBUG com.thirdTask.App - Start
19.06.2023 22:29:44.105 [main] DEBUG c.t.FileProcessing - Properties were loaded
19.06.2023 22:29:44.106 [main] DEBUG c.t.FileProcessing - Properties were loaded
19.06.2023 22:29:44.106 [main] DEBUG c.t.FileProcessing - Properties were loaded
19.06.2023 22:29:44.106 [main] DEBUG c.t.FileProcessing - Properties were loaded
19.06.2023 22:29:44.107 [main] DEBUG c.t.FileProcessing - Properties were loaded
19.06.2023 22:29:44.140 [main] DEBUG com.thirdTask.App - Finish
19.06.2023 22:29:47.388 [main] DEBUG com.thirdTask.App - Start
19.06.2023 22:29:47.392 [main] DEBUG c.t.FileProcessing - Properties were loaded
19.06.2023 22:29:47.393 [main] DEBUG c.t.FileProcessing - Properties were loaded
19.06.2023 22:29:47.393 [main] DEBUG c.t.FileProcessing - Properties were loaded
19.06.2023 22:29:47.393 [main] DEBUG c.t.FileProcessing - Properties were loaded
19.06.2023 22:29:47.394 [main] DEBUG c.t.FileProcessing - Properties were loaded
19.06.2023 22:29:47.424 [main] DEBUG com.thirdTask.App - Finish
19.06.2023 22:31:52.802 [main] DEBUG com.thirdTask.App - Start
19.06.2023 22:31:52.807 [main] DEBUG c.t.FileProcessing - Properties were loaded
19.06.2023 22:31:52.807 [main] DEBUG c.t.FileProcessing - Properties were loaded
19.06.2023 22:31:52.808 [main] DEBUG c.t.FileProcessing - Properties were loaded
19.06.2023 22:31:52.808 [main] DEBUG c.t.FileProcessing - Properties were loaded
19.06.2023 22:31:52.809 [main] DEBUG c.t.FileProcessing - Properties were loaded
19.06.2023 22:31:52.840 [main] DEBUG com.thirdTask.App - Finish
19.06.2023 22:32:39.775 [main] DEBUG com.thirdTask.App - Start
19.06.2023 22:32:39.780 [main] DEBUG c.t.FileProcessing - Properties were loaded
19.06.2023 22:32:39.780 [main] DEBUG c.t.FileProcessing - Properties were loaded
19.06.2023 22:32:39.780 [main] DEBUG c.t.FileProcessing - Properties were loaded
19.06.2023 22:32:39.781 [main] DEBUG c.t.FileProcessing - Properties were loaded
19.06.2023 22:32:39.781 [main] DEBUG c.t.FileProcessing - Properties were loaded
19.06.2023 22:32:39.815 [main] DEBUG com.thirdTask.App - Finish
19.06.2023 22:32:41.546 [main] DEBUG com.thirdTask.App - Start
19.06.2023 22:32:41.551 [main] DEBUG c.t.FileProcessing - Properties were loaded
19.06.2023 22:32:41.551 [main] DEBUG c.t.FileProcessing - Properties were loaded
19.06.2023 22:32:41.552 [main] DEBUG c.t.FileProcessing - Properties were loaded
19.06.2023 22:32:41.552 [main] DEBUG c.t.FileProcessing - Properties were loaded
19.06.2023 22:32:41.552 [main] DEBUG c.t.FileProcessing - Properties were loaded
19.06.2023 22:32:41.586 [main] DEBUG com.thirdTask.App - Finish
19.06.2023 22:35:45.531 [main] DEBUG com.thirdTask.App - Start
19.06.2023 22:35:45.531 [main] DEBUG c.t.FileProcessing - Properties were loaded
19.06.2023 22:35:45.531 [main] DEBUG c.t.FileProcessing - Properties were loaded
19.06.2023 22:35:45.531 [main] DEBUG c.t.FileProcessing - Properties were loaded
19.06.2023 22:35:45.531 [main] DEBUG c.t.FileProcessing - Properties were loaded
19.06.2023 22:35:45.531 [main] DEBUG c.t.FileProcessing - Properties were loaded
19.06.2023 22:35:45.562 [main] DEBUG com.thirdTask.App - Finish
19.06.2023 22:38:15.553 [main] DEBUG com.thirdTask.App - Start
19.06.2023 22:38:15.556 [main] DEBUG c.t.FileProcessing - Properties were loaded
19.06.2023 22:38:15.557 [main] DEBUG c.t.FileProcessing - Properties were loaded
19.06.2023 22:38:15.557 [main] DEBUG c.t.FileProcessing - Properties were loaded
19.06.2023 22:38:15.557 [main] DEBUG c.t.FileProcessing - Properties were loaded
19.06.2023 22:38:15.558 [main] DEBUG c.t.FileProcessing - Properties were loaded
19.06.2023 22:38:15.589 [main] DEBUG com.thirdTask.App - Finish
19.06.2023 22:38:17.346 [main] DEBUG com.thirdTask.App - Start
19.06.2023 22:38:17.350 [main] DEBUG c.t.FileProcessing - Properties were loaded
19.06.2023 22:38:17.351 [main] DEBUG c.t.FileProcessing - Properties were loaded
19.06.2023 22:38:17.352 [main] DEBUG c.t.FileProcessing - Properties were loaded
19.06.2023 22:38:17.352 [main] DEBUG c.t.FileProcessing - Properties were loaded
19.06.2023 22:38:17.352 [main] DEBUG c.t.FileProcessing - Properties were loaded
19.06.2023 22:38:17.385 [main] DEBUG com.thirdTask.App - Finish
19.06.2023 22:40:06.043 [main] DEBUG com.thirdTask.App - Start
19.06.2023 22:40:06.047 [main] DEBUG c.t.FileProcessing - Properties were loaded
19.06.2023 22:40:06.048 [main] DEBUG c.t.FileProcessing - Properties were loaded
19.06.2023 22:40:06.048 [main] DEBUG c.t.FileProcessing - Properties were loaded
19.06.2023 22:40:06.049 [main] DEBUG c.t.FileProcessing - Properties were loaded
19.06.2023 22:40:06.049 [main] DEBUG c.t.FileProcessing - Properties were loaded
19.06.2023 22:40:06.081 [main] DEBUG com.thirdTask.App - Finish
19.06.2023 22:45:10.267 [main] DEBUG com.thirdTask.App - Start
19.06.2023 22:45:10.275 [main] DEBUG c.t.FileProcessing - Properties were loaded
19.06.2023 22:45:10.276 [main] DEBUG c.t.FileProcessing - Properties were loaded
19.06.2023 22:45:10.276 [main] DEBUG c.t.FileProcessing - Properties were loaded
19.06.2023 22:45:10.276 [main] DEBUG c.t.FileProcessing - Properties were loaded
19.06.2023 22:45:10.277 [main] DEBUG c.t.FileProcessing - Properties were loaded
19.06.2023 22:45:10.279 [main] DEBUG com.thirdTask.App - Finish
19.06.2023 23:01:38.382 [main] DEBUG com.thirdTask.App - Start
19.06.2023 23:01:38.388 [main] DEBUG c.t.FileProcessing - Properties were loaded
19.06.2023 23:01:38.388 [main] DEBUG c.t.FileProcessing - Properties were loaded
19.06.2023 23:01:38.389 [main] DEBUG c.t.FileProcessing - Properties were loaded
19.06.2023 23:01:38.389 [main] DEBUG c.t.FileProcessing - Properties were loaded
19.06.2023 23:01:38.390 [main] DEBUG c.t.FileProcessing - Properties were loaded
19.06.2023 23:01:38.398 [main] WARN  com.thirdTask.App - Output format must be more then 1000
19.06.2023 23:01:38.406 [main] WARN  com.thirdTask.App - Output format must be more then 1000
19.06.2023 23:01:38.407 [main] WARN  com.thirdTask.App - Output format must be more then 1000
19.06.2023 23:01:38.407 [main] WARN  com.thirdTask.App - Output format must be more then 1000
19.06.2023 23:01:38.407 [main] WARN  com.thirdTask.App - Output format must be more then 1000
19.06.2023 23:01:38.408 [main] WARN  com.thirdTask.App - Output format must be more then 1000
19.06.2023 23:01:38.408 [main] WARN  com.thirdTask.App - Output format must be more then 1000
19.06.2023 23:01:38.409 [main] WARN  com.thirdTask.App - Output format must be more then 1000
19.06.2023 23:01:38.409 [main] WARN  com.thirdTask.App - Output format must be more then 1000
19.06.2023 23:01:38.409 [main] WARN  com.thirdTask.App - Output format must be more then 1000
19.06.2023 23:01:38.410 [main] WARN  com.thirdTask.App - Output format must be more then 1000
19.06.2023 23:01:38.410 [main] WARN  com.thirdTask.App - Output format must be more then 1000
19.06.2023 23:01:38.411 [main] WARN  com.thirdTask.App - Output format must be more then 1000
19.06.2023 23:01:38.411 [main] WARN  com.thirdTask.App - Output format must be more then 1000
19.06.2023 23:01:38.411 [main] WARN  com.thirdTask.App - Output format must be more then 1000
19.06.2023 23:01:38.411 [main] WARN  com.thirdTask.App - Output format must be more then 1000
19.06.2023 23:01:38.412 [main] WARN  com.thirdTask.App - Output format must be more then 1000
19.06.2023 23:01:38.412 [main] WARN  com.thirdTask.App - Output format must be more then 1000
19.06.2023 23:01:38.412 [main] WARN  com.thirdTask.App - Output format must be more then 1000
19.06.2023 23:01:38.413 [main] WARN  com.thirdTask.App - Output format must be more then 1000
19.06.2023 23:01:38.413 [main] WARN  com.thirdTask.App - Output format must be more then 1000
19.06.2023 23:01:38.414 [main] WARN  com.thirdTask.App - Output format must be more then 1000
19.06.2023 23:01:38.414 [main] WARN  com.thirdTask.App - Output format must be more then 1000
19.06.2023 23:01:38.414 [main] WARN  com.thirdTask.App - Output format must be more then 1000
19.06.2023 23:01:38.415 [main] WARN  com.thirdTask.App - Output format must be more then 1000
19.06.2023 23:01:38.415 [main] WARN  com.thirdTask.App - Output format must be more then 1000
19.06.2023 23:01:38.416 [main] WARN  com.thirdTask.App - Output format must be more then 1000
19.06.2023 23:01:38.416 [main] WARN  com.thirdTask.App - Output format must be more then 1000
19.06.2023 23:01:38.416 [main] WARN  com.thirdTask.App - Output format must be more then 1000
19.06.2023 23:01:38.417 [main] WARN  com.thirdTask.App - Output format must be more then 1000
19.06.2023 23:01:38.417 [main] WARN  com.thirdTask.App - Output format must be more then 1000
19.06.2023 23:01:38.417 [main] WARN  com.thirdTask.App - Output format must be more then 1000
19.06.2023 23:01:38.418 [main] WARN  com.thirdTask.App - Output format must be more then 1000
19.06.2023 23:01:38.418 [main] WARN  com.thirdTask.App - Output format must be more then 1000
19.06.2023 23:01:38.418 [main] WARN  com.thirdTask.App - Output format must be more then 1000
19.06.2023 23:01:38.419 [main] WARN  com.thirdTask.App - Output format must be more then 1000
19.06.2023 23:01:38.419 [main] WARN  com.thirdTask.App - Output format must be more then 1000
19.06.2023 23:01:38.419 [main] WARN  com.thirdTask.App - Output format must be more then 1000
19.06.2023 23:01:38.420 [main] WARN  com.thirdTask.App - Output format must be more then 1000
19.06.2023 23:01:38.420 [main] WARN  com.thirdTask.App - Output format must be more then 1000
19.06.2023 23:01:38.420 [main] WARN  com.thirdTask.App - Output format must be more then 1000
19.06.2023 23:01:38.421 [main] WARN  com.thirdTask.App - Output format must be more then 1000
19.06.2023 23:01:38.421 [main] WARN  com.thirdTask.App - Output format must be more then 1000
19.06.2023 23:01:38.421 [main] WARN  com.thirdTask.App - Output format must be more then 1000
19.06.2023 23:01:38.422 [main] WARN  com.thirdTask.App - Output format must be more then 1000
19.06.2023 23:01:38.422 [main] WARN  com.thirdTask.App - Output format must be more then 1000
19.06.2023 23:01:38.422 [main] WARN  com.thirdTask.App - Output format must be more then 1000
19.06.2023 23:01:38.423 [main] WARN  com.thirdTask.App - Output format must be more then 1000
19.06.2023 23:01:38.423 [main] WARN  com.thirdTask.App - Output format must be more then 1000
19.06.2023 23:01:38.424 [main] WARN  com.thirdTask.App - Output format must be more then 1000
19.06.2023 23:01:38.424 [main] WARN  com.thirdTask.App - Output format must be more then 1000
19.06.2023 23:01:38.424 [main] WARN  com.thirdTask.App - Output format must be more then 1000
19.06.2023 23:01:38.425 [main] WARN  com.thirdTask.App - Output format must be more then 1000
19.06.2023 23:01:38.425 [main] WARN  com.thirdTask.App - Output format must be more then 1000
19.06.2023 23:01:38.425 [main] WARN  com.thirdTask.App - Output format must be more then 1000
19.06.2023 23:01:38.426 [main] WARN  com.thirdTask.App - Output format must be more then 1000
19.06.2023 23:01:38.426 [main] WARN  com.thirdTask.App - Output format must be more then 1000
19.06.2023 23:01:38.426 [main] WARN  com.thirdTask.App - Output format must be more then 1000
19.06.2023 23:01:38.427 [main] WARN  com.thirdTask.App - Output format must be more then 1000
19.06.2023 23:01:38.427 [main] WARN  com.thirdTask.App - Output format must be more then 1000
19.06.2023 23:01:38.427 [main] WARN  com.thirdTask.App - Output format must be more then 1000
19.06.2023 23:01:38.428 [main] WARN  com.thirdTask.App - Output format must be more then 1000
19.06.2023 23:01:38.428 [main] WARN  com.thirdTask.App - Output format must be more then 1000
19.06.2023 23:01:38.428 [main] WARN  com.thirdTask.App - Output format must be more then 1000
19.06.2023 23:01:38.429 [main] WARN  com.thirdTask.App - Output format must be more then 1000
19.06.2023 23:01:38.429 [main] WARN  com.thirdTask.App - Output format must be more then 1000
19.06.2023 23:01:38.429 [main] WARN  com.thirdTask.App - Output format must be more then 1000
19.06.2023 23:01:38.430 [main] WARN  com.thirdTask.App - Output format must be more then 1000
19.06.2023 23:01:38.430 [main] WARN  com.thirdTask.App - Output format must be more then 1000
19.06.2023 23:01:38.430 [main] WARN  com.thirdTask.App - Output format must be more then 1000
19.06.2023 23:01:38.430 [main] WARN  com.thirdTask.App - Output format must be more then 1000
19.06.2023 23:01:38.431 [main] WARN  com.thirdTask.App - Output format must be more then 1000
19.06.2023 23:01:38.431 [main] WARN  com.thirdTask.App - Output format must be more then 1000
19.06.2023 23:01:38.431 [main] WARN  com.thirdTask.App - Output format must be more then 1000
19.06.2023 23:01:38.432 [main] WARN  com.thirdTask.App - Output format must be more then 1000
19.06.2023 23:01:38.432 [main] WARN  com.thirdTask.App - Output format must be more then 1000
19.06.2023 23:01:38.432 [main] WARN  com.thirdTask.App - Output format must be more then 1000
19.06.2023 23:01:38.432 [main] WARN  com.thirdTask.App - Output format must be more then 1000
19.06.2023 23:01:38.432 [main] WARN  com.thirdTask.App - Output format must be more then 1000
19.06.2023 23:01:38.432 [main] WARN  com.thirdTask.App - Output format must be more then 1000
19.06.2023 23:01:38.433 [main] WARN  com.thirdTask.App - Output format must be more then 1000
19.06.2023 23:01:38.433 [main] WARN  com.thirdTask.App - Output format must be more then 1000
19.06.2023 23:01:38.433 [main] WARN  com.thirdTask.App - Output format must be more then 1000
19.06.2023 23:01:38.433 [main] WARN  com.thirdTask.App - Output format must be more then 1000
19.06.2023 23:01:38.433 [main] WARN  com.thirdTask.App - Output format must be more then 1000
19.06.2023 23:01:38.434 [main] WARN  com.thirdTask.App - Output format must be more then 1000
19.06.2023 23:01:38.434 [main] WARN  com.thirdTask.App - Output format must be more then 1000
19.06.2023 23:01:38.434 [main] WARN  com.thirdTask.App - Output format must be more then 1000
19.06.2023 23:01:38.435 [main] WARN  com.thirdTask.App - Output format must be more then 1000
19.06.2023 23:01:38.435 [main] WARN  com.thirdTask.App - Output format must be more then 1000
19.06.2023 23:01:38.435 [main] WARN  com.thirdTask.App - Output format must be more then 1000
19.06.2023 23:01:38.436 [main] WARN  com.thirdTask.App - Output format must be more then 1000
19.06.2023 23:01:38.436 [main] WARN  com.thirdTask.App - Output format must be more then 1000
19.06.2023 23:01:38.436 [main] WARN  com.thirdTask.App - Output format must be more then 1000
19.06.2023 23:01:38.436 [main] WARN  com.thirdTask.App - Output format must be more then 1000
19.06.2023 23:01:38.437 [main] WARN  com.thirdTask.App - Output format must be more then 1000
19.06.2023 23:01:38.437 [main] WARN  com.thirdTask.App - Output format must be more then 1000
19.06.2023 23:01:38.437 [main] WARN  com.thirdTask.App - Output format must be more then 1000
19.06.2023 23:01:38.437 [main] WARN  com.thirdTask.App - Output format must be more then 1000
19.06.2023 23:01:38.438 [main] WARN  com.thirdTask.App - Output format must be more then 1000
19.06.2023 23:01:38.438 [main] DEBUG com.thirdTask.App - Finish
19.06.2023 23:02:33.303 [main] DEBUG com.thirdTask.App - Start
19.06.2023 23:02:33.307 [main] DEBUG c.t.FileProcessing - Properties were loaded
19.06.2023 23:02:33.308 [main] DEBUG c.t.FileProcessing - Properties were loaded
19.06.2023 23:02:33.308 [main] DEBUG c.t.FileProcessing - Properties were loaded
19.06.2023 23:02:33.309 [main] DEBUG c.t.FileProcessing - Properties were loaded
19.06.2023 23:02:33.309 [main] DEBUG c.t.FileProcessing - Properties were loaded
19.06.2023 23:02:33.341 [main] DEBUG com.thirdTask.App - Finish
